{"C:\\Users\\Thomas\\Micro-Gestion-Facile\\types.ts": {"path":"C:\\Users\\Thomas\\Micro-Gestion-Facile\\types.ts","statementMap":{"0":{"start":{"line":4,"column":7},"end":{"line":4,"column":null}},"1":{"start":{"line":5,"column":2},"end":{"line":5,"column":null}},"2":{"start":{"line":6,"column":2},"end":{"line":6,"column":null}},"3":{"start":{"line":7,"column":2},"end":{"line":7,"column":null}},"4":{"start":{"line":8,"column":2},"end":{"line":8,"column":null}},"5":{"start":{"line":9,"column":2},"end":{"line":9,"column":null}},"6":{"start":{"line":11,"column":2},"end":{"line":11,"column":null}},"7":{"start":{"line":12,"column":2},"end":{"line":12,"column":null}},"8":{"start":{"line":14,"column":2},"end":{"line":14,"column":null}},"9":{"start":{"line":15,"column":2},"end":{"line":15,"column":null}},"10":{"start":{"line":16,"column":2},"end":{"line":16,"column":null}},"11":{"start":{"line":17,"column":2},"end":{"line":17,"column":null}},"12":{"start":{"line":4,"column":12},"end":{"line":4,"column":null}}},"fnMap":{"0":{"name":"(anonymous_0)","decl":{"start":{"line":4,"column":7},"end":{"line":4,"column":12}},"loc":{"start":{"line":4,"column":7},"end":{"line":4,"column":null}},"line":4}},"branchMap":{"0":{"loc":{"start":{"line":4,"column":12},"end":{"line":4,"column":null}},"type":"binary-expr","locations":[{"start":{"line":4,"column":12},"end":{"line":4,"column":null}},{"start":{"line":4,"column":12},"end":{"line":4,"column":null}}],"line":4}},"s":{"0":1,"1":1,"2":1,"3":1,"4":1,"5":1,"6":1,"7":1,"8":1,"9":1,"10":1,"11":1,"12":1},"f":{"0":1},"b":{"0":[1,1]},"meta":{"lastBranch":1,"lastFunction":1,"lastStatement":13,"seen":{"s:4:7:4:Infinity":0,"f:4:7:4:12":0,"s:5:2:5:Infinity":1,"s:6:2:6:Infinity":2,"s:7:2:7:Infinity":3,"s:8:2:8:Infinity":4,"s:9:2:9:Infinity":5,"s:11:2:11:Infinity":6,"s:12:2:12:Infinity":7,"s:14:2:14:Infinity":8,"s:15:2:15:Infinity":9,"s:16:2:16:Infinity":10,"s:17:2:17:Infinity":11,"s:4:12:4:Infinity":12,"b:4:12:4:Infinity:4:12:4:Infinity":0}}}
,"C:\\Users\\Thomas\\Micro-Gestion-Facile\\components\\AIAssistant.tsx": {"path":"C:\\Users\\Thomas\\Micro-Gestion-Facile\\components\\AIAssistant.tsx","statementMap":{"0":{"start":{"line":7,"column":30},"end":{"line":256,"column":null}},"1":{"start":{"line":8,"column":43},"end":{"line":8,"column":null}},"2":{"start":{"line":9,"column":32},"end":{"line":15,"column":null}},"3":{"start":{"line":16,"column":26},"end":{"line":16,"column":null}},"4":{"start":{"line":17,"column":34},"end":{"line":17,"column":null}},"5":{"start":{"line":18,"column":38},"end":{"line":18,"column":null}},"6":{"start":{"line":19,"column":50},"end":{"line":19,"column":null}},"7":{"start":{"line":20,"column":52},"end":{"line":20,"column":null}},"8":{"start":{"line":22,"column":10},"end":{"line":22,"column":null}},"9":{"start":{"line":24,"column":27},"end":{"line":26,"column":null}},"10":{"start":{"line":25,"column":8},"end":{"line":25,"column":null}},"11":{"start":{"line":28,"column":4},"end":{"line":30,"column":null}},"12":{"start":{"line":29,"column":8},"end":{"line":29,"column":null}},"13":{"start":{"line":33,"column":4},"end":{"line":57,"column":null}},"14":{"start":{"line":34,"column":36},"end":{"line":54,"column":null}},"15":{"start":{"line":35,"column":12},"end":{"line":35,"column":null}},"16":{"start":{"line":35,"column":39},"end":{"line":35,"column":null}},"17":{"start":{"line":36,"column":12},"end":{"line":36,"column":null}},"18":{"start":{"line":37,"column":12},"end":{"line":53,"column":null}},"19":{"start":{"line":39,"column":35},"end":{"line":39,"column":null}},"20":{"start":{"line":40,"column":16},"end":{"line":40,"column":null}},"21":{"start":{"line":43,"column":36},"end":{"line":43,"column":null}},"22":{"start":{"line":43,"column":65},"end":{"line":43,"column":120}},"23":{"start":{"line":44,"column":31},"end":{"line":44,"column":null}},"24":{"start":{"line":44,"column":49},"end":{"line":44,"column":78}},"25":{"start":{"line":45,"column":16},"end":{"line":48,"column":null}},"26":{"start":{"line":46,"column":39},"end":{"line":46,"column":null}},"27":{"start":{"line":47,"column":20},"end":{"line":47,"column":null}},"28":{"start":{"line":50,"column":16},"end":{"line":50,"column":null}},"29":{"start":{"line":52,"column":16},"end":{"line":52,"column":null}},"30":{"start":{"line":56,"column":8},"end":{"line":56,"column":null}},"31":{"start":{"line":59,"column":23},"end":{"line":76,"column":null}},"32":{"start":{"line":60,"column":4},"end":{"line":60,"column":null}},"33":{"start":{"line":61,"column":4},"end":{"line":61,"column":null}},"34":{"start":{"line":61,"column":37},"end":{"line":61,"column":44}},"35":{"start":{"line":63,"column":33},"end":{"line":63,"column":null}},"36":{"start":{"line":64,"column":4},"end":{"line":64,"column":null}},"37":{"start":{"line":64,"column":24},"end":{"line":64,"column":42}},"38":{"start":{"line":65,"column":4},"end":{"line":65,"column":null}},"39":{"start":{"line":66,"column":4},"end":{"line":66,"column":null}},"40":{"start":{"line":69,"column":20},"end":{"line":69,"column":null}},"41":{"start":{"line":69,"column":48},"end":{"line":69,"column":73}},"42":{"start":{"line":71,"column":25},"end":{"line":71,"column":null}},"43":{"start":{"line":73,"column":34},"end":{"line":73,"column":null}},"44":{"start":{"line":74,"column":4},"end":{"line":74,"column":null}},"45":{"start":{"line":74,"column":24},"end":{"line":74,"column":43}},"46":{"start":{"line":75,"column":4},"end":{"line":75,"column":null}},"47":{"start":{"line":78,"column":2},"end":{"line":254,"column":null}},"48":{"start":{"line":169,"column":36},"end":{"line":172,"column":null}},"49":{"start":{"line":185,"column":10},"end":{"line":209,"column":null}},"50":{"start":{"line":235,"column":29},"end":{"line":235,"column":null}}},"fnMap":{"0":{"name":"(anonymous_0)","decl":{"start":{"line":7,"column":30},"end":{"line":7,"column":36}},"loc":{"start":{"line":7,"column":36},"end":{"line":256,"column":null}},"line":7},"1":{"name":"(anonymous_1)","decl":{"start":{"line":24,"column":27},"end":{"line":24,"column":33}},"loc":{"start":{"line":24,"column":33},"end":{"line":26,"column":null}},"line":24},"2":{"name":"(anonymous_2)","decl":{"start":{"line":28,"column":14},"end":{"line":28,"column":20}},"loc":{"start":{"line":28,"column":20},"end":{"line":30,"column":7}},"line":28},"3":{"name":"(anonymous_3)","decl":{"start":{"line":33,"column":14},"end":{"line":33,"column":20}},"loc":{"start":{"line":33,"column":20},"end":{"line":57,"column":7}},"line":33},"4":{"name":"(anonymous_4)","decl":{"start":{"line":34,"column":36},"end":{"line":34,"column":48}},"loc":{"start":{"line":34,"column":48},"end":{"line":54,"column":null}},"line":34},"5":{"name":"(anonymous_5)","decl":{"start":{"line":43,"column":55},"end":{"line":43,"column":56}},"loc":{"start":{"line":43,"column":65},"end":{"line":43,"column":120}},"line":43},"6":{"name":"(anonymous_6)","decl":{"start":{"line":44,"column":44},"end":{"line":44,"column":49}},"loc":{"start":{"line":44,"column":49},"end":{"line":44,"column":78}},"line":44},"7":{"name":"(anonymous_7)","decl":{"start":{"line":59,"column":23},"end":{"line":59,"column":30}},"loc":{"start":{"line":59,"column":54},"end":{"line":76,"column":null}},"line":59},"8":{"name":"(anonymous_8)","decl":{"start":{"line":64,"column":16},"end":{"line":64,"column":24}},"loc":{"start":{"line":64,"column":24},"end":{"line":64,"column":42}},"line":64},"9":{"name":"(anonymous_9)","decl":{"start":{"line":69,"column":43},"end":{"line":69,"column":48}},"loc":{"start":{"line":69,"column":48},"end":{"line":69,"column":73}},"line":69},"10":{"name":"(anonymous_10)","decl":{"start":{"line":74,"column":16},"end":{"line":74,"column":24}},"loc":{"start":{"line":74,"column":24},"end":{"line":74,"column":43}},"line":74},"11":{"name":"(anonymous_11)","decl":{"start":{"line":168,"column":74},"end":{"line":168,"column":75}},"loc":{"start":{"line":169,"column":36},"end":{"line":172,"column":null}},"line":169},"12":{"name":"(anonymous_12)","decl":{"start":{"line":184,"column":22},"end":{"line":184,"column":23}},"loc":{"start":{"line":185,"column":10},"end":{"line":209,"column":null}},"line":185},"13":{"name":"(anonymous_13)","decl":{"start":{"line":235,"column":22},"end":{"line":235,"column":23}},"loc":{"start":{"line":235,"column":29},"end":{"line":235,"column":null}},"line":235}},"branchMap":{"0":{"loc":{"start":{"line":35,"column":12},"end":{"line":35,"column":null}},"type":"if","locations":[{"start":{"line":35,"column":12},"end":{"line":35,"column":null}},{"start":{},"end":{}}],"line":35},"1":{"loc":{"start":{"line":45,"column":16},"end":{"line":48,"column":null}},"type":"if","locations":[{"start":{"line":45,"column":16},"end":{"line":48,"column":null}},{"start":{},"end":{}}],"line":45},"2":{"loc":{"start":{"line":45,"column":20},"end":{"line":45,"column":43}},"type":"binary-expr","locations":[{"start":{"line":45,"column":20},"end":{"line":45,"column":35}},{"start":{"line":45,"column":35},"end":{"line":45,"column":43}}],"line":45},"3":{"loc":{"start":{"line":61,"column":4},"end":{"line":61,"column":null}},"type":"if","locations":[{"start":{"line":61,"column":4},"end":{"line":61,"column":null}},{"start":{},"end":{}}],"line":61},"4":{"loc":{"start":{"line":61,"column":8},"end":{"line":61,"column":36}},"type":"binary-expr","locations":[{"start":{"line":61,"column":8},"end":{"line":61,"column":25}},{"start":{"line":61,"column":25},"end":{"line":61,"column":36}}],"line":61},"5":{"loc":{"start":{"line":112,"column":17},"end":{"line":134,"column":null}},"type":"cond-expr","locations":[{"start":{"line":113,"column":20},"end":{"line":116,"column":null}},{"start":{"line":117,"column":20},"end":{"line":134,"column":null}}],"line":112},"6":{"loc":{"start":{"line":117,"column":20},"end":{"line":134,"column":null}},"type":"cond-expr","locations":[{"start":{"line":118,"column":20},"end":{"line":132,"column":null}},{"start":{"line":134,"column":20},"end":{"line":134,"column":null}}],"line":117},"7":{"loc":{"start":{"line":120,"column":29},"end":{"line":120,"column":82}},"type":"cond-expr","locations":[{"start":{"line":120,"column":72},"end":{"line":120,"column":78}},{"start":{"line":120,"column":78},"end":{"line":120,"column":82}}],"line":120},"8":{"loc":{"start":{"line":125,"column":32},"end":{"line":126,"column":null}},"type":"cond-expr","locations":[{"start":{"line":125,"column":73},"end":{"line":125,"column":null}},{"start":{"line":126,"column":32},"end":{"line":126,"column":null}}],"line":125},"9":{"loc":{"start":{"line":126,"column":32},"end":{"line":126,"column":null}},"type":"cond-expr","locations":[{"start":{"line":126,"column":76},"end":{"line":126,"column":108}},{"start":{"line":126,"column":108},"end":{"line":126,"column":null}}],"line":126},"10":{"loc":{"start":{"line":128,"column":40},"end":{"line":128,"column":null}},"type":"cond-expr","locations":[{"start":{"line":128,"column":81},"end":{"line":128,"column":92}},{"start":{"line":128,"column":92},"end":{"line":128,"column":null}}],"line":128},"11":{"loc":{"start":{"line":128,"column":92},"end":{"line":128,"column":null}},"type":"cond-expr","locations":[{"start":{"line":128,"column":136},"end":{"line":128,"column":147}},{"start":{"line":128,"column":147},"end":{"line":128,"column":null}}],"line":128},"12":{"loc":{"start":{"line":149,"column":17},"end":{"line":179,"column":null}},"type":"cond-expr","locations":[{"start":{"line":150,"column":20},"end":{"line":153,"column":null}},{"start":{"line":154,"column":20},"end":{"line":179,"column":null}}],"line":149},"13":{"loc":{"start":{"line":154,"column":20},"end":{"line":179,"column":null}},"type":"cond-expr","locations":[{"start":{"line":155,"column":20},"end":{"line":177,"column":null}},{"start":{"line":179,"column":20},"end":{"line":179,"column":null}}],"line":154},"14":{"loc":{"start":{"line":157,"column":29},"end":{"line":160,"column":null}},"type":"cond-expr","locations":[{"start":{"line":158,"column":32},"end":{"line":158,"column":null}},{"start":{"line":160,"column":32},"end":{"line":160,"column":null}}],"line":157},"15":{"loc":{"start":{"line":162,"column":66},"end":{"line":162,"column":133}},"type":"cond-expr","locations":[{"start":{"line":162,"column":98},"end":{"line":162,"column":117}},{"start":{"line":162,"column":117},"end":{"line":162,"column":133}}],"line":162},"16":{"loc":{"start":{"line":163,"column":33},"end":{"line":163,"column":null}},"type":"cond-expr","locations":[{"start":{"line":163,"column":65},"end":{"line":163,"column":95}},{"start":{"line":163,"column":95},"end":{"line":163,"column":null}}],"line":163},"17":{"loc":{"start":{"line":166,"column":25},"end":{"line":174,"column":null}},"type":"binary-expr","locations":[{"start":{"line":166,"column":25},"end":{"line":166,"column":null}},{"start":{"line":167,"column":28},"end":{"line":174,"column":null}}],"line":166},"18":{"loc":{"start":{"line":187,"column":49},"end":{"line":187,"column":94}},"type":"cond-expr","locations":[{"start":{"line":187,"column":71},"end":{"line":187,"column":92}},{"start":{"line":187,"column":92},"end":{"line":187,"column":94}}],"line":187},"19":{"loc":{"start":{"line":191,"column":16},"end":{"line":191,"column":125}},"type":"cond-expr","locations":[{"start":{"line":191,"column":38},"end":{"line":191,"column":83}},{"start":{"line":191,"column":83},"end":{"line":191,"column":125}}],"line":191},"20":{"loc":{"start":{"line":193,"column":15},"end":{"line":193,"column":null}},"type":"cond-expr","locations":[{"start":{"line":193,"column":37},"end":{"line":193,"column":58}},{"start":{"line":193,"column":58},"end":{"line":193,"column":null}}],"line":193},"21":{"loc":{"start":{"line":196,"column":45},"end":{"line":196,"column":94}},"type":"cond-expr","locations":[{"start":{"line":196,"column":67},"end":{"line":196,"column":81}},{"start":{"line":196,"column":81},"end":{"line":196,"column":94}}],"line":196},"22":{"loc":{"start":{"line":199,"column":18},"end":{"line":201,"column":100}},"type":"cond-expr","locations":[{"start":{"line":200,"column":22},"end":{"line":200,"column":null}},{"start":{"line":201,"column":22},"end":{"line":201,"column":100}}],"line":199},"23":{"loc":{"start":{"line":211,"column":9},"end":{"line":223,"column":null}},"type":"binary-expr","locations":[{"start":{"line":211,"column":9},"end":{"line":211,"column":null}},{"start":{"line":212,"column":10},"end":{"line":223,"column":null}}],"line":211},"24":{"loc":{"start":{"line":240,"column":22},"end":{"line":240,"column":null}},"type":"binary-expr","locations":[{"start":{"line":240,"column":22},"end":{"line":240,"column":35}},{"start":{"line":240,"column":35},"end":{"line":240,"column":null}}],"line":240}},"s":{"0":1,"1":6,"2":6,"3":6,"4":6,"5":6,"6":6,"7":6,"8":6,"9":6,"10":5,"11":6,"12":5,"13":6,"14":3,"15":3,"16":3,"17":0,"18":0,"19":0,"20":0,"21":0,"22":0,"23":0,"24":0,"25":0,"26":0,"27":0,"28":0,"29":0,"30":3,"31":6,"32":1,"33":1,"34":0,"35":1,"36":1,"37":1,"38":1,"39":1,"40":1,"41":1,"42":1,"43":1,"44":1,"45":1,"46":1,"47":6,"48":0,"49":9,"50":1},"f":{"0":6,"1":5,"2":5,"3":3,"4":3,"5":0,"6":0,"7":1,"8":1,"9":1,"10":1,"11":0,"12":9,"13":1},"b":{"0":[3,0],"1":[0,0],"2":[0,0],"3":[0,1],"4":[1,1],"5":[0,6],"6":[0,6],"7":[0,0],"8":[0,0],"9":[0,0],"10":[0,0],"11":[0,0],"12":[0,6],"13":[0,6],"14":[0,0],"15":[0,0],"16":[0,0],"17":[0,0],"18":[2,7],"19":[2,7],"20":[2,7],"21":[2,7],"22":[2,7],"23":[6,1],"24":[6,5]},"meta":{"lastBranch":25,"lastFunction":14,"lastStatement":51,"seen":{"s:7:30:256:Infinity":0,"f:7:30:7:36":0,"s:8:43:8:Infinity":1,"s:9:32:15:Infinity":2,"s:16:26:16:Infinity":3,"s:17:34:17:Infinity":4,"s:18:38:18:Infinity":5,"s:19:50:19:Infinity":6,"s:20:52:20:Infinity":7,"s:22:10:22:Infinity":8,"s:24:27:26:Infinity":9,"f:24:27:24:33":1,"s:25:8:25:Infinity":10,"s:28:4:30:Infinity":11,"f:28:14:28:20":2,"s:29:8:29:Infinity":12,"s:33:4:57:Infinity":13,"f:33:14:33:20":3,"s:34:36:54:Infinity":14,"f:34:36:34:48":4,"b:35:12:35:Infinity:undefined:undefined:undefined:undefined":0,"s:35:12:35:Infinity":15,"s:35:39:35:Infinity":16,"s:36:12:36:Infinity":17,"s:37:12:53:Infinity":18,"s:39:35:39:Infinity":19,"s:40:16:40:Infinity":20,"s:43:36:43:Infinity":21,"f:43:55:43:56":5,"s:43:65:43:120":22,"s:44:31:44:Infinity":23,"f:44:44:44:49":6,"s:44:49:44:78":24,"b:45:16:48:Infinity:undefined:undefined:undefined:undefined":1,"s:45:16:48:Infinity":25,"b:45:20:45:35:45:35:45:43":2,"s:46:39:46:Infinity":26,"s:47:20:47:Infinity":27,"s:50:16:50:Infinity":28,"s:52:16:52:Infinity":29,"s:56:8:56:Infinity":30,"s:59:23:76:Infinity":31,"f:59:23:59:30":7,"s:60:4:60:Infinity":32,"b:61:4:61:Infinity:undefined:undefined:undefined:undefined":3,"s:61:4:61:Infinity":33,"b:61:8:61:25:61:25:61:36":4,"s:61:37:61:44":34,"s:63:33:63:Infinity":35,"s:64:4:64:Infinity":36,"f:64:16:64:24":8,"s:64:24:64:42":37,"s:65:4:65:Infinity":38,"s:66:4:66:Infinity":39,"s:69:20:69:Infinity":40,"f:69:43:69:48":9,"s:69:48:69:73":41,"s:71:25:71:Infinity":42,"s:73:34:73:Infinity":43,"s:74:4:74:Infinity":44,"f:74:16:74:24":10,"s:74:24:74:43":45,"s:75:4:75:Infinity":46,"s:78:2:254:Infinity":47,"b:113:20:116:Infinity:117:20:134:Infinity":5,"b:118:20:132:Infinity:134:20:134:Infinity":6,"b:120:72:120:78:120:78:120:82":7,"b:125:73:125:Infinity:126:32:126:Infinity":8,"b:126:76:126:108:126:108:126:Infinity":9,"b:128:81:128:92:128:92:128:Infinity":10,"b:128:136:128:147:128:147:128:Infinity":11,"b:150:20:153:Infinity:154:20:179:Infinity":12,"b:155:20:177:Infinity:179:20:179:Infinity":13,"b:158:32:158:Infinity:160:32:160:Infinity":14,"b:162:98:162:117:162:117:162:133":15,"b:163:65:163:95:163:95:163:Infinity":16,"b:166:25:166:Infinity:167:28:174:Infinity":17,"f:168:74:168:75":11,"s:169:36:172:Infinity":48,"f:184:22:184:23":12,"s:185:10:209:Infinity":49,"b:187:71:187:92:187:92:187:94":18,"b:191:38:191:83:191:83:191:125":19,"b:193:37:193:58:193:58:193:Infinity":20,"b:196:67:196:81:196:81:196:94":21,"b:200:22:200:Infinity:201:22:201:100":22,"b:211:9:211:Infinity:212:10:223:Infinity":23,"f:235:22:235:23":13,"s:235:29:235:Infinity":50,"b:240:22:240:35:240:35:240:Infinity":24}}}
,"C:\\Users\\Thomas\\Micro-Gestion-Facile\\components\\Dashboard.tsx": {"path":"C:\\Users\\Thomas\\Micro-Gestion-Facile\\components\\Dashboard.tsx","statementMap":{"0":{"start":{"line":57,"column":54},"end":{"line":85,"column":null}},"1":{"start":{"line":65,"column":2},"end":{"line":65,"column":null}},"2":{"start":{"line":67,"column":16},"end":{"line":71,"column":null}},"3":{"start":{"line":73,"column":2},"end":{"line":83,"column":null}},"4":{"start":{"line":88,"column":51},"end":{"line":106,"column":null}},"5":{"start":{"line":89,"column":31},"end":{"line":91,"column":null}},"6":{"start":{"line":93,"column":4},"end":{"line":104,"column":null}},"7":{"start":{"line":109,"column":53},"end":{"line":139,"column":null}},"8":{"start":{"line":110,"column":69},"end":{"line":112,"column":null}},"9":{"start":{"line":114,"column":18},"end":{"line":117,"column":null}},"10":{"start":{"line":119,"column":4},"end":{"line":137,"column":null}},"11":{"start":{"line":141,"column":44},"end":{"line":808,"column":null}},"12":{"start":{"line":142,"column":34},"end":{"line":142,"column":null}},"13":{"start":{"line":143,"column":38},"end":{"line":143,"column":null}},"14":{"start":{"line":144,"column":22},"end":{"line":144,"column":null}},"15":{"start":{"line":145,"column":36},"end":{"line":148,"column":null}},"16":{"start":{"line":146,"column":18},"end":{"line":146,"column":null}},"17":{"start":{"line":147,"column":4},"end":{"line":147,"column":null}},"18":{"start":{"line":150,"column":2},"end":{"line":152,"column":null}},"19":{"start":{"line":151,"column":4},"end":{"line":151,"column":null}},"20":{"start":{"line":154,"column":8},"end":{"line":163,"column":null}},"21":{"start":{"line":165,"column":26},"end":{"line":167,"column":null}},"22":{"start":{"line":166,"column":4},"end":{"line":166,"column":null}},"23":{"start":{"line":169,"column":24},"end":{"line":206,"column":null}},"24":{"start":{"line":170,"column":29},"end":{"line":170,"column":null}},"25":{"start":{"line":171,"column":4},"end":{"line":171,"column":null}},"26":{"start":{"line":173,"column":4},"end":{"line":173,"column":null}},"27":{"start":{"line":173,"column":16},"end":{"line":173,"column":23}},"28":{"start":{"line":176,"column":4},"end":{"line":194,"column":null}},"29":{"start":{"line":177,"column":24},"end":{"line":177,"column":null}},"30":{"start":{"line":178,"column":22},"end":{"line":178,"column":null}},"31":{"start":{"line":178,"column":43},"end":{"line":178,"column":61}},"32":{"start":{"line":179,"column":8},"end":{"line":192,"column":null}},"33":{"start":{"line":180,"column":40},"end":{"line":188,"column":null}},"34":{"start":{"line":189,"column":12},"end":{"line":189,"column":null}},"35":{"start":{"line":190,"column":12},"end":{"line":190,"column":null}},"36":{"start":{"line":191,"column":12},"end":{"line":191,"column":null}},"37":{"start":{"line":193,"column":8},"end":{"line":193,"column":null}},"38":{"start":{"line":196,"column":4},"end":{"line":205,"column":null}},"39":{"start":{"line":198,"column":8},"end":{"line":204,"column":null}},"40":{"start":{"line":199,"column":12},"end":{"line":203,"column":null}},"41":{"start":{"line":200,"column":33},"end":{"line":200,"column":null}},"42":{"start":{"line":201,"column":33},"end":{"line":201,"column":null}},"43":{"start":{"line":202,"column":16},"end":{"line":202,"column":null}},"44":{"start":{"line":207,"column":8},"end":{"line":216,"column":null}},"45":{"start":{"line":208,"column":4},"end":{"line":215,"column":null}},"46":{"start":{"line":209,"column":21},"end":{"line":209,"column":54}},"47":{"start":{"line":211,"column":21},"end":{"line":211,"column":null}},"48":{"start":{"line":212,"column":8},"end":{"line":212,"column":null}},"49":{"start":{"line":212,"column":33},"end":{"line":212,"column":56}},"50":{"start":{"line":213,"column":8},"end":{"line":213,"column":null}},"51":{"start":{"line":213,"column":37},"end":{"line":213,"column":60}},"52":{"start":{"line":214,"column":8},"end":{"line":214,"column":null}},"53":{"start":{"line":218,"column":8},"end":{"line":220,"column":null}},"54":{"start":{"line":219,"column":4},"end":{"line":219,"column":null}},"55":{"start":{"line":219,"column":41},"end":{"line":219,"column":59}},"56":{"start":{"line":222,"column":20},"end":{"line":222,"column":null}},"57":{"start":{"line":225,"column":8},"end":{"line":227,"column":null}},"58":{"start":{"line":226,"column":4},"end":{"line":226,"column":null}},"59":{"start":{"line":229,"column":8},"end":{"line":231,"column":null}},"60":{"start":{"line":230,"column":4},"end":{"line":230,"column":null}},"61":{"start":{"line":233,"column":23},"end":{"line":233,"column":null}},"62":{"start":{"line":234,"column":22},"end":{"line":234,"column":null}},"63":{"start":{"line":236,"column":22},"end":{"line":236,"column":null}},"64":{"start":{"line":237,"column":8},"end":{"line":237,"column":null}},"65":{"start":{"line":239,"column":8},"end":{"line":267,"column":null}},"66":{"start":{"line":240,"column":70},"end":{"line":240,"column":null}},"67":{"start":{"line":241,"column":19},"end":{"line":241,"column":null}},"68":{"start":{"line":243,"column":4},"end":{"line":243,"column":null}},"69":{"start":{"line":243,"column":24},"end":{"line":243,"column":59}},"70":{"start":{"line":245,"column":4},"end":{"line":253,"column":null}},"71":{"start":{"line":246,"column":6},"end":{"line":252,"column":null}},"72":{"start":{"line":247,"column":21},"end":{"line":247,"column":null}},"73":{"start":{"line":248,"column":26},"end":{"line":248,"column":null}},"74":{"start":{"line":249,"column":21},"end":{"line":249,"column":null}},"75":{"start":{"line":250,"column":8},"end":{"line":251,"column":null}},"76":{"start":{"line":250,"column":33},"end":{"line":250,"column":69}},"77":{"start":{"line":250,"column":69},"end":{"line":251,"column":null}},"78":{"start":{"line":251,"column":42},"end":{"line":251,"column":78}},"79":{"start":{"line":255,"column":4},"end":{"line":259,"column":null}},"80":{"start":{"line":256,"column":19},"end":{"line":256,"column":null}},"81":{"start":{"line":257,"column":24},"end":{"line":257,"column":null}},"82":{"start":{"line":258,"column":6},"end":{"line":258,"column":null}},"83":{"start":{"line":261,"column":4},"end":{"line":266,"column":null}},"84":{"start":{"line":261,"column":31},"end":{"line":266,"column":6}},"85":{"start":{"line":270,"column":8},"end":{"line":296,"column":null}},"86":{"start":{"line":271,"column":16},"end":{"line":271,"column":null}},"87":{"start":{"line":272,"column":25},"end":{"line":272,"column":null}},"88":{"start":{"line":273,"column":24},"end":{"line":273,"column":null}},"89":{"start":{"line":275,"column":22},"end":{"line":275,"column":null}},"90":{"start":{"line":276,"column":26},"end":{"line":276,"column":null}},"91":{"start":{"line":278,"column":32},"end":{"line":283,"column":null}},"92":{"start":{"line":280,"column":18},"end":{"line":280,"column":null}},"93":{"start":{"line":281,"column":8},"end":{"line":281,"column":null}},"94":{"start":{"line":283,"column":28},"end":{"line":283,"column":45}},"95":{"start":{"line":285,"column":29},"end":{"line":290,"column":null}},"96":{"start":{"line":287,"column":18},"end":{"line":287,"column":null}},"97":{"start":{"line":288,"column":8},"end":{"line":288,"column":null}},"98":{"start":{"line":290,"column":28},"end":{"line":290,"column":45}},"99":{"start":{"line":292,"column":17},"end":{"line":292,"column":null}},"100":{"start":{"line":293,"column":20},"end":{"line":293,"column":null}},"101":{"start":{"line":295,"column":4},"end":{"line":295,"column":null}},"102":{"start":{"line":298,"column":24},"end":{"line":305,"column":null}},"103":{"start":{"line":299,"column":4},"end":{"line":299,"column":null}},"104":{"start":{"line":300,"column":25},"end":{"line":300,"column":null}},"105":{"start":{"line":300,"column":48},"end":{"line":300,"column":107}},"106":{"start":{"line":301,"column":26},"end":{"line":301,"column":null}},"107":{"start":{"line":301,"column":42},"end":{"line":301,"column":149}},"108":{"start":{"line":302,"column":19},"end":{"line":302,"column":null}},"109":{"start":{"line":303,"column":4},"end":{"line":303,"column":null}},"110":{"start":{"line":304,"column":4},"end":{"line":304,"column":null}},"111":{"start":{"line":308,"column":8},"end":{"line":318,"column":null}},"112":{"start":{"line":309,"column":41},"end":{"line":309,"column":null}},"113":{"start":{"line":310,"column":4},"end":{"line":313,"column":null}},"114":{"start":{"line":311,"column":18},"end":{"line":311,"column":null}},"115":{"start":{"line":312,"column":6},"end":{"line":312,"column":null}},"116":{"start":{"line":314,"column":4},"end":{"line":317,"column":null}},"117":{"start":{"line":315,"column":31},"end":{"line":315,"column":47}},"118":{"start":{"line":316,"column":22},"end":{"line":316,"column":39}},"119":{"start":{"line":320,"column":17},"end":{"line":320,"column":null}},"120":{"start":{"line":323,"column":8},"end":{"line":331,"column":null}},"121":{"start":{"line":324,"column":21},"end":{"line":327,"column":null}},"122":{"start":{"line":325,"column":30},"end":{"line":325,"column":75}},"123":{"start":{"line":326,"column":30},"end":{"line":326,"column":75}},"124":{"start":{"line":328,"column":4},"end":{"line":330,"column":null}},"125":{"start":{"line":329,"column":22},"end":{"line":329,"column":77}},"126":{"start":{"line":333,"column":8},"end":{"line":335,"column":null}},"127":{"start":{"line":334,"column":4},"end":{"line":334,"column":null}},"128":{"start":{"line":334,"column":32},"end":{"line":334,"column":124}},"129":{"start":{"line":337,"column":23},"end":{"line":343,"column":null}},"130":{"start":{"line":338,"column":83},"end":{"line":338,"column":107}},"131":{"start":{"line":339,"column":87},"end":{"line":339,"column":113}},"132":{"start":{"line":340,"column":78},"end":{"line":340,"column":101}},"133":{"start":{"line":341,"column":75},"end":{"line":341,"column":97}},"134":{"start":{"line":342,"column":82},"end":{"line":342,"column":106}},"135":{"start":{"line":345,"column":2},"end":{"line":806,"column":null}},"136":{"start":{"line":360,"column":13},"end":{"line":360,"column":null}},"137":{"start":{"line":372,"column":14},"end":{"line":506,"column":null}},"138":{"start":{"line":372,"column":35},"end":{"line":505,"column":null}},"139":{"start":{"line":508,"column":14},"end":{"line":575,"column":null}},"140":{"start":{"line":508,"column":41},"end":{"line":574,"column":null}},"141":{"start":{"line":553,"column":54},"end":{"line":553,"column":null}},"142":{"start":{"line":566,"column":58},"end":{"line":566,"column":null}},"143":{"start":{"line":577,"column":14},"end":{"line":628,"column":null}},"144":{"start":{"line":577,"column":38},"end":{"line":627,"column":null}},"145":{"start":{"line":596,"column":34},"end":{"line":596,"column":null}},"146":{"start":{"line":600,"column":62},"end":{"line":600,"column":null}},"147":{"start":{"line":608,"column":28},"end":{"line":616,"column":null}},"148":{"start":{"line":630,"column":14},"end":{"line":686,"column":null}},"149":{"start":{"line":630,"column":38},"end":{"line":685,"column":null}},"150":{"start":{"line":639,"column":40},"end":{"line":639,"column":null}},"151":{"start":{"line":649,"column":26},"end":{"line":680,"column":null}},"152":{"start":{"line":688,"column":14},"end":{"line":722,"column":null}},"153":{"start":{"line":688,"column":39},"end":{"line":721,"column":null}},"154":{"start":{"line":698,"column":47},"end":{"line":698,"column":104}},"155":{"start":{"line":700,"column":57},"end":{"line":700,"column":114}},"156":{"start":{"line":700,"column":125},"end":{"line":700,"column":140}},"157":{"start":{"line":704,"column":45},"end":{"line":704,"column":102}},"158":{"start":{"line":706,"column":36},"end":{"line":706,"column":null}},"159":{"start":{"line":724,"column":14},"end":{"line":758,"column":null}},"160":{"start":{"line":724,"column":35},"end":{"line":757,"column":null}},"161":{"start":{"line":735,"column":32},"end":{"line":747,"column":null}},"162":{"start":{"line":760,"column":14},"end":{"line":799,"column":null}},"163":{"start":{"line":760,"column":40},"end":{"line":798,"column":null}},"164":{"start":{"line":801,"column":14},"end":{"line":801,"column":null}}},"fnMap":{"0":{"name":"(anonymous_0)","decl":{"start":{"line":57,"column":54},"end":{"line":57,"column":55}},"loc":{"start":{"line":57,"column":87},"end":{"line":85,"column":null}},"line":57},"1":{"name":"(anonymous_1)","decl":{"start":{"line":88,"column":51},"end":{"line":88,"column":52}},"loc":{"start":{"line":88,"column":67},"end":{"line":106,"column":null}},"line":88},"2":{"name":"(anonymous_2)","decl":{"start":{"line":109,"column":53},"end":{"line":109,"column":54}},"loc":{"start":{"line":109,"column":68},"end":{"line":139,"column":null}},"line":109},"3":{"name":"(anonymous_3)","decl":{"start":{"line":141,"column":44},"end":{"line":141,"column":45}},"loc":{"start":{"line":141,"column":122},"end":{"line":808,"column":null}},"line":141},"4":{"name":"(anonymous_4)","decl":{"start":{"line":145,"column":61},"end":{"line":145,"column":67}},"loc":{"start":{"line":145,"column":67},"end":{"line":148,"column":3}},"line":145},"5":{"name":"(anonymous_5)","decl":{"start":{"line":150,"column":12},"end":{"line":150,"column":18}},"loc":{"start":{"line":150,"column":18},"end":{"line":152,"column":5}},"line":150},"6":{"name":"(anonymous_6)","decl":{"start":{"line":165,"column":26},"end":{"line":165,"column":27}},"loc":{"start":{"line":165,"column":53},"end":{"line":167,"column":null}},"line":165},"7":{"name":"(anonymous_7)","decl":{"start":{"line":169,"column":24},"end":{"line":169,"column":25}},"loc":{"start":{"line":169,"column":49},"end":{"line":206,"column":null}},"line":169},"8":{"name":"(anonymous_8)","decl":{"start":{"line":178,"column":36},"end":{"line":178,"column":43}},"loc":{"start":{"line":178,"column":43},"end":{"line":178,"column":61}},"line":178},"9":{"name":"(anonymous_9)","decl":{"start":{"line":199,"column":27},"end":{"line":199,"column":28}},"loc":{"start":{"line":199,"column":38},"end":{"line":203,"column":13}},"line":199},"10":{"name":"(anonymous_10)","decl":{"start":{"line":207,"column":31},"end":{"line":207,"column":37}},"loc":{"start":{"line":207,"column":37},"end":{"line":216,"column":5}},"line":207},"11":{"name":"(anonymous_11)","decl":{"start":{"line":209,"column":14},"end":{"line":209,"column":21}},"loc":{"start":{"line":209,"column":21},"end":{"line":209,"column":54}},"line":209},"12":{"name":"(anonymous_12)","decl":{"start":{"line":210,"column":14},"end":{"line":210,"column":15}},"loc":{"start":{"line":210,"column":28},"end":{"line":215,"column":9}},"line":210},"13":{"name":"(anonymous_13)","decl":{"start":{"line":218,"column":32},"end":{"line":218,"column":38}},"loc":{"start":{"line":218,"column":38},"end":{"line":220,"column":5}},"line":218},"14":{"name":"(anonymous_14)","decl":{"start":{"line":219,"column":27},"end":{"line":219,"column":28}},"loc":{"start":{"line":219,"column":41},"end":{"line":219,"column":59}},"line":219},"15":{"name":"(anonymous_15)","decl":{"start":{"line":225,"column":31},"end":{"line":225,"column":37}},"loc":{"start":{"line":225,"column":37},"end":{"line":227,"column":5}},"line":225},"16":{"name":"(anonymous_16)","decl":{"start":{"line":229,"column":38},"end":{"line":229,"column":44}},"loc":{"start":{"line":229,"column":44},"end":{"line":231,"column":5}},"line":229},"17":{"name":"(anonymous_17)","decl":{"start":{"line":239,"column":30},"end":{"line":239,"column":36}},"loc":{"start":{"line":239,"column":36},"end":{"line":267,"column":5}},"line":239},"18":{"name":"(anonymous_18)","decl":{"start":{"line":243,"column":19},"end":{"line":243,"column":24}},"loc":{"start":{"line":243,"column":24},"end":{"line":243,"column":59}},"line":243},"19":{"name":"(anonymous_19)","decl":{"start":{"line":245,"column":21},"end":{"line":245,"column":28}},"loc":{"start":{"line":245,"column":28},"end":{"line":253,"column":5}},"line":245},"20":{"name":"(anonymous_20)","decl":{"start":{"line":255,"column":21},"end":{"line":255,"column":28}},"loc":{"start":{"line":255,"column":28},"end":{"line":259,"column":5}},"line":255},"21":{"name":"(anonymous_21)","decl":{"start":{"line":261,"column":22},"end":{"line":261,"column":31}},"loc":{"start":{"line":261,"column":31},"end":{"line":266,"column":6}},"line":261},"22":{"name":"(anonymous_22)","decl":{"start":{"line":270,"column":32},"end":{"line":270,"column":38}},"loc":{"start":{"line":270,"column":38},"end":{"line":296,"column":5}},"line":270},"23":{"name":"(anonymous_23)","decl":{"start":{"line":279,"column":14},"end":{"line":279,"column":21}},"loc":{"start":{"line":279,"column":21},"end":{"line":282,"column":7}},"line":279},"24":{"name":"(anonymous_24)","decl":{"start":{"line":283,"column":14},"end":{"line":283,"column":15}},"loc":{"start":{"line":283,"column":28},"end":{"line":283,"column":45}},"line":283},"25":{"name":"(anonymous_25)","decl":{"start":{"line":286,"column":14},"end":{"line":286,"column":21}},"loc":{"start":{"line":286,"column":21},"end":{"line":289,"column":7}},"line":286},"26":{"name":"(anonymous_26)","decl":{"start":{"line":290,"column":14},"end":{"line":290,"column":15}},"loc":{"start":{"line":290,"column":28},"end":{"line":290,"column":45}},"line":290},"27":{"name":"(anonymous_27)","decl":{"start":{"line":298,"column":24},"end":{"line":298,"column":36}},"loc":{"start":{"line":298,"column":36},"end":{"line":305,"column":null}},"line":298},"28":{"name":"(anonymous_28)","decl":{"start":{"line":300,"column":41},"end":{"line":300,"column":48}},"loc":{"start":{"line":300,"column":48},"end":{"line":300,"column":107}},"line":300},"29":{"name":"(anonymous_29)","decl":{"start":{"line":301,"column":42},"end":{"line":301,"column":50}},"loc":{"start":{"line":301,"column":42},"end":{"line":301,"column":149}},"line":301},"30":{"name":"(anonymous_30)","decl":{"start":{"line":308,"column":37},"end":{"line":308,"column":43}},"loc":{"start":{"line":308,"column":43},"end":{"line":318,"column":5}},"line":308},"31":{"name":"(anonymous_31)","decl":{"start":{"line":310,"column":21},"end":{"line":310,"column":28}},"loc":{"start":{"line":310,"column":28},"end":{"line":313,"column":5}},"line":310},"32":{"name":"(anonymous_32)","decl":{"start":{"line":315,"column":11},"end":{"line":315,"column":12}},"loc":{"start":{"line":315,"column":31},"end":{"line":315,"column":47}},"line":315},"33":{"name":"(anonymous_33)","decl":{"start":{"line":316,"column":12},"end":{"line":316,"column":13}},"loc":{"start":{"line":316,"column":22},"end":{"line":316,"column":39}},"line":316},"34":{"name":"(anonymous_34)","decl":{"start":{"line":323,"column":33},"end":{"line":323,"column":39}},"loc":{"start":{"line":323,"column":39},"end":{"line":331,"column":5}},"line":323},"35":{"name":"(anonymous_35)","decl":{"start":{"line":325,"column":22},"end":{"line":325,"column":30}},"loc":{"start":{"line":325,"column":30},"end":{"line":325,"column":75}},"line":325},"36":{"name":"(anonymous_36)","decl":{"start":{"line":326,"column":22},"end":{"line":326,"column":30}},"loc":{"start":{"line":326,"column":30},"end":{"line":326,"column":75}},"line":326},"37":{"name":"(anonymous_37)","decl":{"start":{"line":329,"column":12},"end":{"line":329,"column":13}},"loc":{"start":{"line":329,"column":22},"end":{"line":329,"column":77}},"line":329},"38":{"name":"(anonymous_38)","decl":{"start":{"line":333,"column":35},"end":{"line":333,"column":41}},"loc":{"start":{"line":333,"column":41},"end":{"line":335,"column":5}},"line":333},"39":{"name":"(anonymous_39)","decl":{"start":{"line":334,"column":27},"end":{"line":334,"column":32}},"loc":{"start":{"line":334,"column":32},"end":{"line":334,"column":124}},"line":334},"40":{"name":"(anonymous_40)","decl":{"start":{"line":338,"column":77},"end":{"line":338,"column":83}},"loc":{"start":{"line":338,"column":83},"end":{"line":338,"column":107}},"line":338},"41":{"name":"(anonymous_41)","decl":{"start":{"line":339,"column":81},"end":{"line":339,"column":87}},"loc":{"start":{"line":339,"column":87},"end":{"line":339,"column":113}},"line":339},"42":{"name":"(anonymous_42)","decl":{"start":{"line":340,"column":72},"end":{"line":340,"column":78}},"loc":{"start":{"line":340,"column":78},"end":{"line":340,"column":101}},"line":340},"43":{"name":"(anonymous_43)","decl":{"start":{"line":341,"column":69},"end":{"line":341,"column":75}},"loc":{"start":{"line":341,"column":75},"end":{"line":341,"column":97}},"line":341},"44":{"name":"(anonymous_44)","decl":{"start":{"line":342,"column":76},"end":{"line":342,"column":82}},"loc":{"start":{"line":342,"column":82},"end":{"line":342,"column":106}},"line":342},"45":{"name":"(anonymous_45)","decl":{"start":{"line":359,"column":28},"end":{"line":359,"column":29}},"loc":{"start":{"line":360,"column":13},"end":{"line":360,"column":null}},"line":360},"46":{"name":"(anonymous_46)","decl":{"start":{"line":371,"column":29},"end":{"line":371,"column":30}},"loc":{"start":{"line":371,"column":37},"end":{"line":802,"column":13}},"line":371},"47":{"name":"(anonymous_47)","decl":{"start":{"line":553,"column":43},"end":{"line":553,"column":44}},"loc":{"start":{"line":553,"column":54},"end":{"line":553,"column":null}},"line":553},"48":{"name":"(anonymous_48)","decl":{"start":{"line":566,"column":39},"end":{"line":566,"column":40}},"loc":{"start":{"line":566,"column":58},"end":{"line":566,"column":null}},"line":566},"49":{"name":"(anonymous_49)","decl":{"start":{"line":595,"column":56},"end":{"line":595,"column":57}},"loc":{"start":{"line":596,"column":34},"end":{"line":596,"column":null}},"line":596},"50":{"name":"(anonymous_50)","decl":{"start":{"line":600,"column":43},"end":{"line":600,"column":44}},"loc":{"start":{"line":600,"column":62},"end":{"line":600,"column":null}},"line":600},"51":{"name":"(anonymous_51)","decl":{"start":{"line":607,"column":50},"end":{"line":607,"column":51}},"loc":{"start":{"line":608,"column":28},"end":{"line":616,"column":null}},"line":608},"52":{"name":"(anonymous_52)","decl":{"start":{"line":639,"column":34},"end":{"line":639,"column":40}},"loc":{"start":{"line":639,"column":40},"end":{"line":639,"column":null}},"line":639},"53":{"name":"(anonymous_53)","decl":{"start":{"line":648,"column":44},"end":{"line":648,"column":45}},"loc":{"start":{"line":649,"column":26},"end":{"line":680,"column":null}},"line":649},"54":{"name":"(anonymous_54)","decl":{"start":{"line":698,"column":42},"end":{"line":698,"column":47}},"loc":{"start":{"line":698,"column":47},"end":{"line":698,"column":104}},"line":698},"55":{"name":"(anonymous_55)","decl":{"start":{"line":700,"column":52},"end":{"line":700,"column":57}},"loc":{"start":{"line":700,"column":57},"end":{"line":700,"column":114}},"line":700},"56":{"name":"(anonymous_56)","decl":{"start":{"line":700,"column":120},"end":{"line":700,"column":125}},"loc":{"start":{"line":700,"column":125},"end":{"line":700,"column":140}},"line":700},"57":{"name":"(anonymous_57)","decl":{"start":{"line":704,"column":40},"end":{"line":704,"column":45}},"loc":{"start":{"line":704,"column":45},"end":{"line":704,"column":102}},"line":704},"58":{"name":"(anonymous_58)","decl":{"start":{"line":705,"column":37},"end":{"line":705,"column":38}},"loc":{"start":{"line":706,"column":36},"end":{"line":706,"column":null}},"line":706},"59":{"name":"(anonymous_59)","decl":{"start":{"line":734,"column":61},"end":{"line":734,"column":null}},"loc":{"start":{"line":735,"column":32},"end":{"line":747,"column":null}},"line":735}},"branchMap":{"0":{"loc":{"start":{"line":70,"column":12},"end":{"line":70,"column":null}},"type":"cond-expr","locations":[{"start":{"line":70,"column":25},"end":{"line":70,"column":30}},{"start":{"line":70,"column":30},"end":{"line":70,"column":null}}],"line":70},"1":{"loc":{"start":{"line":74,"column":113},"end":{"line":74,"column":165}},"type":"cond-expr","locations":[{"start":{"line":74,"column":126},"end":{"line":74,"column":152}},{"start":{"line":74,"column":152},"end":{"line":74,"column":165}}],"line":74},"2":{"loc":{"start":{"line":97,"column":259},"end":{"line":97,"column":307}},"type":"cond-expr","locations":[{"start":{"line":97,"column":268},"end":{"line":97,"column":296}},{"start":{"line":97,"column":296},"end":{"line":97,"column":307}}],"line":97},"3":{"loc":{"start":{"line":101,"column":13},"end":{"line":102,"column":null}},"type":"binary-expr","locations":[{"start":{"line":101,"column":13},"end":{"line":101,"column":23}},{"start":{"line":101,"column":23},"end":{"line":101,"column":null}},{"start":{"line":102,"column":16},"end":{"line":102,"column":null}}],"line":101},"4":{"loc":{"start":{"line":125,"column":222},"end":{"line":125,"column":324}},"type":"cond-expr","locations":[{"start":{"line":125,"column":235},"end":{"line":125,"column":281}},{"start":{"line":125,"column":281},"end":{"line":125,"column":324}}],"line":125},"5":{"loc":{"start":{"line":147,"column":11},"end":{"line":147,"column":null}},"type":"cond-expr","locations":[{"start":{"line":147,"column":19},"end":{"line":147,"column":39}},{"start":{"line":147,"column":39},"end":{"line":147,"column":null}}],"line":147},"6":{"loc":{"start":{"line":173,"column":4},"end":{"line":173,"column":null}},"type":"if","locations":[{"start":{"line":173,"column":4},"end":{"line":173,"column":null}},{"start":{},"end":{}}],"line":173},"7":{"loc":{"start":{"line":176,"column":4},"end":{"line":194,"column":null}},"type":"if","locations":[{"start":{"line":176,"column":4},"end":{"line":194,"column":null}},{"start":{},"end":{}}],"line":176},"8":{"loc":{"start":{"line":176,"column":8},"end":{"line":176,"column":89}},"type":"binary-expr","locations":[{"start":{"line":176,"column":8},"end":{"line":176,"column":53}},{"start":{"line":176,"column":53},"end":{"line":176,"column":89}}],"line":176},"9":{"loc":{"start":{"line":179,"column":8},"end":{"line":192,"column":null}},"type":"if","locations":[{"start":{"line":179,"column":8},"end":{"line":192,"column":null}},{"start":{},"end":{}}],"line":179},"10":{"loc":{"start":{"line":179,"column":12},"end":{"line":179,"column":36}},"type":"binary-expr","locations":[{"start":{"line":179,"column":12},"end":{"line":179,"column":21}},{"start":{"line":179,"column":21},"end":{"line":179,"column":36}}],"line":179},"11":{"loc":{"start":{"line":196,"column":4},"end":{"line":205,"column":null}},"type":"if","locations":[{"start":{"line":196,"column":4},"end":{"line":205,"column":null}},{"start":{},"end":{}}],"line":196},"12":{"loc":{"start":{"line":198,"column":8},"end":{"line":204,"column":null}},"type":"if","locations":[{"start":{"line":198,"column":8},"end":{"line":204,"column":null}},{"start":{},"end":{}}],"line":198},"13":{"loc":{"start":{"line":211,"column":21},"end":{"line":211,"column":null}},"type":"binary-expr","locations":[{"start":{"line":211,"column":21},"end":{"line":211,"column":33}},{"start":{"line":211,"column":33},"end":{"line":211,"column":null}}],"line":211},"14":{"loc":{"start":{"line":212,"column":8},"end":{"line":212,"column":null}},"type":"if","locations":[{"start":{"line":212,"column":8},"end":{"line":212,"column":null}},{"start":{},"end":{}}],"line":212},"15":{"loc":{"start":{"line":213,"column":8},"end":{"line":213,"column":null}},"type":"if","locations":[{"start":{"line":213,"column":8},"end":{"line":213,"column":null}},{"start":{},"end":{}}],"line":213},"16":{"loc":{"start":{"line":226,"column":50},"end":{"line":226,"column":91}},"type":"binary-expr","locations":[{"start":{"line":226,"column":50},"end":{"line":226,"column":78}},{"start":{"line":226,"column":78},"end":{"line":226,"column":91}}],"line":226},"17":{"loc":{"start":{"line":237,"column":42},"end":{"line":237,"column":83}},"type":"binary-expr","locations":[{"start":{"line":237,"column":42},"end":{"line":237,"column":70}},{"start":{"line":237,"column":70},"end":{"line":237,"column":83}}],"line":237},"18":{"loc":{"start":{"line":246,"column":6},"end":{"line":252,"column":null}},"type":"if","locations":[{"start":{"line":246,"column":6},"end":{"line":252,"column":null}},{"start":{},"end":{}}],"line":246},"19":{"loc":{"start":{"line":249,"column":21},"end":{"line":249,"column":null}},"type":"binary-expr","locations":[{"start":{"line":249,"column":21},"end":{"line":249,"column":33}},{"start":{"line":249,"column":33},"end":{"line":249,"column":null}}],"line":249},"20":{"loc":{"start":{"line":250,"column":8},"end":{"line":251,"column":null}},"type":"if","locations":[{"start":{"line":250,"column":8},"end":{"line":251,"column":null}},{"start":{"line":250,"column":69},"end":{"line":251,"column":null}}],"line":250},"21":{"loc":{"start":{"line":250,"column":69},"end":{"line":251,"column":null}},"type":"if","locations":[{"start":{"line":250,"column":69},"end":{"line":251,"column":null}},{"start":{},"end":{}}],"line":250},"22":{"loc":{"start":{"line":275,"column":22},"end":{"line":275,"column":null}},"type":"cond-expr","locations":[{"start":{"line":275,"column":43},"end":{"line":275,"column":48}},{"start":{"line":275,"column":48},"end":{"line":275,"column":null}}],"line":275},"23":{"loc":{"start":{"line":276,"column":26},"end":{"line":276,"column":null}},"type":"cond-expr","locations":[{"start":{"line":276,"column":47},"end":{"line":276,"column":65}},{"start":{"line":276,"column":65},"end":{"line":276,"column":null}}],"line":276},"24":{"loc":{"start":{"line":281,"column":15},"end":{"line":281,"column":null}},"type":"binary-expr","locations":[{"start":{"line":281,"column":15},"end":{"line":281,"column":48}},{"start":{"line":281,"column":48},"end":{"line":281,"column":83}},{"start":{"line":281,"column":83},"end":{"line":281,"column":null}}],"line":281},"25":{"loc":{"start":{"line":288,"column":15},"end":{"line":288,"column":null}},"type":"binary-expr","locations":[{"start":{"line":288,"column":15},"end":{"line":288,"column":45}},{"start":{"line":288,"column":45},"end":{"line":288,"column":82}},{"start":{"line":288,"column":82},"end":{"line":288,"column":null}}],"line":288},"26":{"loc":{"start":{"line":293,"column":20},"end":{"line":293,"column":null}},"type":"cond-expr","locations":[{"start":{"line":293,"column":44},"end":{"line":293,"column":77}},{"start":{"line":293,"column":77},"end":{"line":293,"column":null}}],"line":293},"27":{"loc":{"start":{"line":300,"column":48},"end":{"line":300,"column":107}},"type":"binary-expr","locations":[{"start":{"line":300,"column":48},"end":{"line":300,"column":85}},{"start":{"line":300,"column":85},"end":{"line":300,"column":107}}],"line":300},"28":{"loc":{"start":{"line":301,"column":42},"end":{"line":301,"column":149}},"type":"binary-expr","locations":[{"start":{"line":301,"column":50},"end":{"line":301,"column":87}},{"start":{"line":301,"column":87},"end":{"line":301,"column":129}},{"start":{"line":301,"column":129},"end":{"line":301,"column":149}}],"line":301},"29":{"loc":{"start":{"line":311,"column":18},"end":{"line":311,"column":null}},"type":"binary-expr","locations":[{"start":{"line":311,"column":18},"end":{"line":311,"column":34}},{"start":{"line":311,"column":34},"end":{"line":311,"column":null}}],"line":311},"30":{"loc":{"start":{"line":312,"column":19},"end":{"line":312,"column":37}},"type":"binary-expr","locations":[{"start":{"line":312,"column":19},"end":{"line":312,"column":32}},{"start":{"line":312,"column":32},"end":{"line":312,"column":37}}],"line":312},"31":{"loc":{"start":{"line":334,"column":32},"end":{"line":334,"column":124}},"type":"binary-expr","locations":[{"start":{"line":334,"column":32},"end":{"line":334,"column":56}},{"start":{"line":334,"column":56},"end":{"line":334,"column":81}},{"start":{"line":334,"column":81},"end":{"line":334,"column":113}},{"start":{"line":334,"column":113},"end":{"line":334,"column":124}}],"line":334},"32":{"loc":{"start":{"line":372,"column":14},"end":{"line":506,"column":null}},"type":"if","locations":[{"start":{"line":372,"column":14},"end":{"line":506,"column":null}},{"start":{},"end":{}}],"line":372},"33":{"loc":{"start":{"line":394,"column":85},"end":{"line":394,"column":148}},"type":"cond-expr","locations":[{"start":{"line":394,"column":114},"end":{"line":394,"column":134}},{"start":{"line":394,"column":134},"end":{"line":394,"column":148}}],"line":394},"34":{"loc":{"start":{"line":395,"column":29},"end":{"line":395,"column":null}},"type":"cond-expr","locations":[{"start":{"line":395,"column":58},"end":{"line":395,"column":87}},{"start":{"line":395,"column":87},"end":{"line":395,"column":null}}],"line":395},"35":{"loc":{"start":{"line":464,"column":104},"end":{"line":464,"column":190}},"type":"cond-expr","locations":[{"start":{"line":464,"column":141},"end":{"line":464,"column":159}},{"start":{"line":464,"column":159},"end":{"line":464,"column":190}}],"line":464},"36":{"loc":{"start":{"line":468,"column":26},"end":{"line":471,"column":null}},"type":"binary-expr","locations":[{"start":{"line":468,"column":26},"end":{"line":468,"column":null}},{"start":{"line":469,"column":27},"end":{"line":471,"column":null}}],"line":468},"37":{"loc":{"start":{"line":490,"column":104},"end":{"line":490,"column":169}},"type":"cond-expr","locations":[{"start":{"line":490,"column":123},"end":{"line":490,"column":138}},{"start":{"line":490,"column":138},"end":{"line":490,"column":169}}],"line":490},"38":{"loc":{"start":{"line":494,"column":26},"end":{"line":497,"column":null}},"type":"binary-expr","locations":[{"start":{"line":494,"column":26},"end":{"line":494,"column":null}},{"start":{"line":495,"column":27},"end":{"line":497,"column":null}}],"line":494},"39":{"loc":{"start":{"line":499,"column":26},"end":{"line":500,"column":null}},"type":"binary-expr","locations":[{"start":{"line":499,"column":26},"end":{"line":499,"column":null}},{"start":{"line":500,"column":28},"end":{"line":500,"column":null}}],"line":499},"40":{"loc":{"start":{"line":508,"column":14},"end":{"line":575,"column":null}},"type":"if","locations":[{"start":{"line":508,"column":14},"end":{"line":575,"column":null}},{"start":{},"end":{}}],"line":508},"41":{"loc":{"start":{"line":577,"column":14},"end":{"line":628,"column":null}},"type":"if","locations":[{"start":{"line":577,"column":14},"end":{"line":628,"column":null}},{"start":{},"end":{}}],"line":577},"42":{"loc":{"start":{"line":581,"column":21},"end":{"line":624,"column":null}},"type":"cond-expr","locations":[{"start":{"line":582,"column":22},"end":{"line":619,"column":null}},{"start":{"line":621,"column":22},"end":{"line":624,"column":null}}],"line":581},"43":{"loc":{"start":{"line":630,"column":14},"end":{"line":686,"column":null}},"type":"if","locations":[{"start":{"line":630,"column":14},"end":{"line":686,"column":null}},{"start":{},"end":{}}],"line":630},"44":{"loc":{"start":{"line":652,"column":34},"end":{"line":656,"column":79}},"type":"cond-expr","locations":[{"start":{"line":653,"column":35},"end":{"line":655,"column":null}},{"start":{"line":656,"column":36},"end":{"line":656,"column":79}}],"line":652},"45":{"loc":{"start":{"line":653,"column":35},"end":{"line":655,"column":null}},"type":"cond-expr","locations":[{"start":{"line":653,"column":84},"end":{"line":653,"column":null}},{"start":{"line":654,"column":35},"end":{"line":655,"column":null}}],"line":653},"46":{"loc":{"start":{"line":654,"column":35},"end":{"line":655,"column":null}},"type":"cond-expr","locations":[{"start":{"line":654,"column":84},"end":{"line":654,"column":null}},{"start":{"line":655,"column":34},"end":{"line":655,"column":null}}],"line":654},"47":{"loc":{"start":{"line":657,"column":33},"end":{"line":657,"column":null}},"type":"cond-expr","locations":[{"start":{"line":657,"column":67},"end":{"line":657,"column":92}},{"start":{"line":657,"column":92},"end":{"line":657,"column":null}}],"line":657},"48":{"loc":{"start":{"line":661,"column":35},"end":{"line":661,"column":null}},"type":"cond-expr","locations":[{"start":{"line":661,"column":70},"end":{"line":661,"column":97}},{"start":{"line":661,"column":97},"end":{"line":661,"column":null}}],"line":661},"49":{"loc":{"start":{"line":667,"column":65},"end":{"line":667,"column":195}},"type":"cond-expr","locations":[{"start":{"line":667,"column":143},"end":{"line":667,"column":160}},{"start":{"line":667,"column":160},"end":{"line":667,"column":195}}],"line":667},"50":{"loc":{"start":{"line":667,"column":65},"end":{"line":667,"column":143}},"type":"binary-expr","locations":[{"start":{"line":667,"column":65},"end":{"line":667,"column":101}},{"start":{"line":667,"column":101},"end":{"line":667,"column":143}}],"line":667},"51":{"loc":{"start":{"line":668,"column":33},"end":{"line":668,"column":null}},"type":"cond-expr","locations":[{"start":{"line":668,"column":111},"end":{"line":668,"column":117}},{"start":{"line":668,"column":117},"end":{"line":668,"column":null}}],"line":668},"52":{"loc":{"start":{"line":668,"column":33},"end":{"line":668,"column":111}},"type":"binary-expr","locations":[{"start":{"line":668,"column":33},"end":{"line":668,"column":69}},{"start":{"line":668,"column":69},"end":{"line":668,"column":111}}],"line":668},"53":{"loc":{"start":{"line":669,"column":34},"end":{"line":669,"column":127}},"type":"binary-expr","locations":[{"start":{"line":669,"column":34},"end":{"line":669,"column":82}},{"start":{"line":669,"column":82},"end":{"line":669,"column":127}}],"line":669},"54":{"loc":{"start":{"line":672,"column":37},"end":{"line":676,"column":82}},"type":"cond-expr","locations":[{"start":{"line":673,"column":38},"end":{"line":675,"column":null}},{"start":{"line":676,"column":39},"end":{"line":676,"column":82}}],"line":672},"55":{"loc":{"start":{"line":673,"column":38},"end":{"line":675,"column":null}},"type":"cond-expr","locations":[{"start":{"line":673,"column":87},"end":{"line":673,"column":null}},{"start":{"line":674,"column":38},"end":{"line":675,"column":null}}],"line":673},"56":{"loc":{"start":{"line":674,"column":38},"end":{"line":675,"column":null}},"type":"cond-expr","locations":[{"start":{"line":674,"column":87},"end":{"line":674,"column":null}},{"start":{"line":675,"column":37},"end":{"line":675,"column":null}}],"line":674},"57":{"loc":{"start":{"line":677,"column":33},"end":{"line":677,"column":null}},"type":"cond-expr","locations":[{"start":{"line":677,"column":68},"end":{"line":677,"column":94}},{"start":{"line":677,"column":94},"end":{"line":677,"column":null}}],"line":677},"58":{"loc":{"start":{"line":688,"column":14},"end":{"line":722,"column":null}},"type":"if","locations":[{"start":{"line":688,"column":14},"end":{"line":722,"column":null}},{"start":{},"end":{}}],"line":688},"59":{"loc":{"start":{"line":698,"column":26},"end":{"line":714,"column":null}},"type":"cond-expr","locations":[{"start":{"line":699,"column":27},"end":{"line":709,"column":null}},{"start":{"line":711,"column":27},"end":{"line":714,"column":null}}],"line":698},"60":{"loc":{"start":{"line":698,"column":47},"end":{"line":698,"column":104}},"type":"binary-expr","locations":[{"start":{"line":698,"column":47},"end":{"line":698,"column":69}},{"start":{"line":698,"column":69},"end":{"line":698,"column":104}}],"line":698},"61":{"loc":{"start":{"line":700,"column":57},"end":{"line":700,"column":114}},"type":"binary-expr","locations":[{"start":{"line":700,"column":57},"end":{"line":700,"column":79}},{"start":{"line":700,"column":79},"end":{"line":700,"column":114}}],"line":700},"62":{"loc":{"start":{"line":704,"column":45},"end":{"line":704,"column":102}},"type":"binary-expr","locations":[{"start":{"line":704,"column":45},"end":{"line":704,"column":67}},{"start":{"line":704,"column":67},"end":{"line":704,"column":102}}],"line":704},"63":{"loc":{"start":{"line":724,"column":14},"end":{"line":758,"column":null}},"type":"if","locations":[{"start":{"line":724,"column":14},"end":{"line":758,"column":null}},{"start":{},"end":{}}],"line":724},"64":{"loc":{"start":{"line":733,"column":25},"end":{"line":753,"column":null}},"type":"cond-expr","locations":[{"start":{"line":734,"column":28},"end":{"line":748,"column":null}},{"start":{"line":750,"column":28},"end":{"line":753,"column":null}}],"line":733},"65":{"loc":{"start":{"line":737,"column":122},"end":{"line":737,"column":148}},"type":"binary-expr","locations":[{"start":{"line":737,"column":122},"end":{"line":737,"column":137}},{"start":{"line":737,"column":137},"end":{"line":737,"column":148}}],"line":737},"66":{"loc":{"start":{"line":744,"column":121},"end":{"line":744,"column":142}},"type":"binary-expr","locations":[{"start":{"line":744,"column":121},"end":{"line":744,"column":137}},{"start":{"line":744,"column":137},"end":{"line":744,"column":142}}],"line":744},"67":{"loc":{"start":{"line":746,"column":139},"end":{"line":746,"column":160}},"type":"binary-expr","locations":[{"start":{"line":746,"column":139},"end":{"line":746,"column":155}},{"start":{"line":746,"column":155},"end":{"line":746,"column":160}}],"line":746},"68":{"loc":{"start":{"line":760,"column":14},"end":{"line":799,"column":null}},"type":"if","locations":[{"start":{"line":760,"column":14},"end":{"line":799,"column":null}},{"start":{},"end":{}}],"line":760},"69":{"loc":{"start":{"line":772,"column":24},"end":{"line":794,"column":null}},"type":"cond-expr","locations":[{"start":{"line":773,"column":25},"end":{"line":783,"column":null}},{"start":{"line":785,"column":25},"end":{"line":794,"column":null}}],"line":772},"70":{"loc":{"start":{"line":780,"column":31},"end":{"line":780,"column":120}},"type":"cond-expr","locations":[{"start":{"line":780,"column":46},"end":{"line":780,"column":95}},{"start":{"line":780,"column":95},"end":{"line":780,"column":120}}],"line":780},"71":{"loc":{"start":{"line":791,"column":31},"end":{"line":791,"column":118}},"type":"cond-expr","locations":[{"start":{"line":791,"column":46},"end":{"line":791,"column":95}},{"start":{"line":791,"column":95},"end":{"line":791,"column":118}}],"line":791}},"s":{"0":1,"1":44,"2":44,"3":44,"4":1,"5":20,"6":20,"7":1,"8":0,"9":0,"10":0,"11":1,"12":4,"13":4,"14":4,"15":4,"16":4,"17":4,"18":4,"19":4,"20":4,"21":4,"22":0,"23":4,"24":0,"25":0,"26":0,"27":0,"28":0,"29":0,"30":0,"31":0,"32":0,"33":0,"34":0,"35":0,"36":0,"37":0,"38":0,"39":0,"40":0,"41":0,"42":0,"43":0,"44":4,"45":4,"46":8,"47":4,"48":4,"49":4,"50":0,"51":0,"52":0,"53":4,"54":4,"55":4,"56":4,"57":4,"58":4,"59":4,"60":4,"61":4,"62":4,"63":4,"64":4,"65":4,"66":4,"67":4,"68":4,"69":48,"70":4,"71":8,"72":4,"73":4,"74":4,"75":4,"76":4,"77":0,"78":0,"79":4,"80":4,"81":4,"82":4,"83":4,"84":48,"85":4,"86":4,"87":4,"88":4,"89":4,"90":4,"91":4,"92":8,"93":8,"94":4,"95":4,"96":8,"97":8,"98":0,"99":4,"100":4,"101":4,"102":4,"103":0,"104":0,"105":0,"106":0,"107":0,"108":0,"109":0,"110":0,"111":4,"112":4,"113":4,"114":4,"115":4,"116":4,"117":4,"118":0,"119":4,"120":4,"121":4,"122":8,"123":4,"124":4,"125":16,"126":4,"127":4,"128":0,"129":4,"130":1,"131":0,"132":0,"133":0,"134":0,"135":4,"136":20,"137":28,"138":4,"139":24,"140":4,"141":0,"142":0,"143":20,"144":4,"145":4,"146":0,"147":4,"148":16,"149":4,"150":0,"151":12,"152":12,"153":4,"154":8,"155":0,"156":0,"157":0,"158":0,"159":8,"160":4,"161":0,"162":4,"163":4,"164":0},"f":{"0":44,"1":20,"2":0,"3":4,"4":4,"5":4,"6":0,"7":0,"8":0,"9":0,"10":4,"11":8,"12":4,"13":4,"14":4,"15":4,"16":4,"17":4,"18":48,"19":8,"20":4,"21":48,"22":4,"23":8,"24":4,"25":8,"26":0,"27":0,"28":0,"29":0,"30":4,"31":4,"32":4,"33":0,"34":4,"35":8,"36":4,"37":16,"38":4,"39":0,"40":1,"41":0,"42":0,"43":0,"44":0,"45":20,"46":28,"47":0,"48":0,"49":4,"50":0,"51":4,"52":0,"53":12,"54":8,"55":0,"56":0,"57":0,"58":0,"59":0},"b":{"0":[0,44],"1":[0,44],"2":[0,20],"3":[20,0,0],"4":[0,0],"5":[3,1],"6":[0,0],"7":[0,0],"8":[0,0],"9":[0,0],"10":[0,0],"11":[0,0],"12":[0,0],"13":[4,0],"14":[4,0],"15":[0,0],"16":[4,0],"17":[4,0],"18":[4,4],"19":[4,0],"20":[4,0],"21":[0,0],"22":[0,4],"23":[0,4],"24":[8,8,8],"25":[8,0,0],"26":[0,4],"27":[0,0],"28":[0,0,0],"29":[4,0],"30":[4,4],"31":[0,0,0,0],"32":[4,24],"33":[4,0],"34":[4,0],"35":[0,4],"36":[4,0],"37":[0,4],"38":[4,0],"39":[4,0],"40":[4,20],"41":[4,16],"42":[4,0],"43":[4,12],"44":[8,4],"45":[4,4],"46":[4,0],"47":[8,4],"48":[8,4],"49":[4,8],"50":[12,8],"51":[4,8],"52":[12,8],"53":[12,4],"54":[8,4],"55":[4,4],"56":[4,0],"57":[8,4],"58":[4,8],"59":[0,4],"60":[8,0],"61":[0,0],"62":[0,0],"63":[4,4],"64":[0,4],"65":[0,0],"66":[0,0],"67":[0,0],"68":[4,0],"69":[0,4],"70":[0,0],"71":[0,4]},"meta":{"lastBranch":72,"lastFunction":60,"lastStatement":165,"seen":{"s:57:54:85:Infinity":0,"f:57:54:57:55":0,"s:65:2:65:Infinity":1,"s:67:16:71:Infinity":2,"b:70:25:70:30:70:30:70:Infinity":0,"s:73:2:83:Infinity":3,"b:74:126:74:152:74:152:74:165":1,"s:88:51:106:Infinity":4,"f:88:51:88:52":1,"s:89:31:91:Infinity":5,"s:93:4:104:Infinity":6,"b:97:268:97:296:97:296:97:307":2,"b:101:13:101:23:101:23:101:Infinity:102:16:102:Infinity":3,"s:109:53:139:Infinity":7,"f:109:53:109:54":2,"s:110:69:112:Infinity":8,"s:114:18:117:Infinity":9,"s:119:4:137:Infinity":10,"b:125:235:125:281:125:281:125:324":4,"s:141:44:808:Infinity":11,"f:141:44:141:45":3,"s:142:34:142:Infinity":12,"s:143:38:143:Infinity":13,"s:144:22:144:Infinity":14,"s:145:36:148:Infinity":15,"f:145:61:145:67":4,"s:146:18:146:Infinity":16,"s:147:4:147:Infinity":17,"b:147:19:147:39:147:39:147:Infinity":5,"s:150:2:152:Infinity":18,"f:150:12:150:18":5,"s:151:4:151:Infinity":19,"s:154:8:163:Infinity":20,"s:165:26:167:Infinity":21,"f:165:26:165:27":6,"s:166:4:166:Infinity":22,"s:169:24:206:Infinity":23,"f:169:24:169:25":7,"s:170:29:170:Infinity":24,"s:171:4:171:Infinity":25,"b:173:4:173:Infinity:undefined:undefined:undefined:undefined":6,"s:173:4:173:Infinity":26,"s:173:16:173:23":27,"b:176:4:194:Infinity:undefined:undefined:undefined:undefined":7,"s:176:4:194:Infinity":28,"b:176:8:176:53:176:53:176:89":8,"s:177:24:177:Infinity":29,"s:178:22:178:Infinity":30,"f:178:36:178:43":8,"s:178:43:178:61":31,"b:179:8:192:Infinity:undefined:undefined:undefined:undefined":9,"s:179:8:192:Infinity":32,"b:179:12:179:21:179:21:179:36":10,"s:180:40:188:Infinity":33,"s:189:12:189:Infinity":34,"s:190:12:190:Infinity":35,"s:191:12:191:Infinity":36,"s:193:8:193:Infinity":37,"b:196:4:205:Infinity:undefined:undefined:undefined:undefined":11,"s:196:4:205:Infinity":38,"b:198:8:204:Infinity:undefined:undefined:undefined:undefined":12,"s:198:8:204:Infinity":39,"s:199:12:203:Infinity":40,"f:199:27:199:28":9,"s:200:33:200:Infinity":41,"s:201:33:201:Infinity":42,"s:202:16:202:Infinity":43,"s:207:8:216:Infinity":44,"f:207:31:207:37":10,"s:208:4:215:Infinity":45,"f:209:14:209:21":11,"s:209:21:209:54":46,"f:210:14:210:15":12,"s:211:21:211:Infinity":47,"b:211:21:211:33:211:33:211:Infinity":13,"b:212:8:212:Infinity:undefined:undefined:undefined:undefined":14,"s:212:8:212:Infinity":48,"s:212:33:212:56":49,"b:213:8:213:Infinity:undefined:undefined:undefined:undefined":15,"s:213:8:213:Infinity":50,"s:213:37:213:60":51,"s:214:8:214:Infinity":52,"s:218:8:220:Infinity":53,"f:218:32:218:38":13,"s:219:4:219:Infinity":54,"f:219:27:219:28":14,"s:219:41:219:59":55,"s:222:20:222:Infinity":56,"s:225:8:227:Infinity":57,"f:225:31:225:37":15,"s:226:4:226:Infinity":58,"b:226:50:226:78:226:78:226:91":16,"s:229:8:231:Infinity":59,"f:229:38:229:44":16,"s:230:4:230:Infinity":60,"s:233:23:233:Infinity":61,"s:234:22:234:Infinity":62,"s:236:22:236:Infinity":63,"s:237:8:237:Infinity":64,"b:237:42:237:70:237:70:237:83":17,"s:239:8:267:Infinity":65,"f:239:30:239:36":17,"s:240:70:240:Infinity":66,"s:241:19:241:Infinity":67,"s:243:4:243:Infinity":68,"f:243:19:243:24":18,"s:243:24:243:59":69,"s:245:4:253:Infinity":70,"f:245:21:245:28":19,"b:246:6:252:Infinity:undefined:undefined:undefined:undefined":18,"s:246:6:252:Infinity":71,"s:247:21:247:Infinity":72,"s:248:26:248:Infinity":73,"s:249:21:249:Infinity":74,"b:249:21:249:33:249:33:249:Infinity":19,"b:250:8:251:Infinity:250:69:251:Infinity":20,"s:250:8:251:Infinity":75,"s:250:33:250:69":76,"b:250:69:251:Infinity:undefined:undefined:undefined:undefined":21,"s:250:69:251:Infinity":77,"s:251:42:251:78":78,"s:255:4:259:Infinity":79,"f:255:21:255:28":20,"s:256:19:256:Infinity":80,"s:257:24:257:Infinity":81,"s:258:6:258:Infinity":82,"s:261:4:266:Infinity":83,"f:261:22:261:31":21,"s:261:31:266:6":84,"s:270:8:296:Infinity":85,"f:270:32:270:38":22,"s:271:16:271:Infinity":86,"s:272:25:272:Infinity":87,"s:273:24:273:Infinity":88,"s:275:22:275:Infinity":89,"b:275:43:275:48:275:48:275:Infinity":22,"s:276:26:276:Infinity":90,"b:276:47:276:65:276:65:276:Infinity":23,"s:278:32:283:Infinity":91,"f:279:14:279:21":23,"s:280:18:280:Infinity":92,"s:281:8:281:Infinity":93,"b:281:15:281:48:281:48:281:83:281:83:281:Infinity":24,"f:283:14:283:15":24,"s:283:28:283:45":94,"s:285:29:290:Infinity":95,"f:286:14:286:21":25,"s:287:18:287:Infinity":96,"s:288:8:288:Infinity":97,"b:288:15:288:45:288:45:288:82:288:82:288:Infinity":25,"f:290:14:290:15":26,"s:290:28:290:45":98,"s:292:17:292:Infinity":99,"s:293:20:293:Infinity":100,"b:293:44:293:77:293:77:293:Infinity":26,"s:295:4:295:Infinity":101,"s:298:24:305:Infinity":102,"f:298:24:298:36":27,"s:299:4:299:Infinity":103,"s:300:25:300:Infinity":104,"f:300:41:300:48":28,"s:300:48:300:107":105,"b:300:48:300:85:300:85:300:107":27,"s:301:26:301:Infinity":106,"f:301:42:301:50":29,"s:301:42:301:149":107,"b:301:50:301:87:301:87:301:129:301:129:301:149":28,"s:302:19:302:Infinity":108,"s:303:4:303:Infinity":109,"s:304:4:304:Infinity":110,"s:308:8:318:Infinity":111,"f:308:37:308:43":30,"s:309:41:309:Infinity":112,"s:310:4:313:Infinity":113,"f:310:21:310:28":31,"s:311:18:311:Infinity":114,"b:311:18:311:34:311:34:311:Infinity":29,"s:312:6:312:Infinity":115,"b:312:19:312:32:312:32:312:37":30,"s:314:4:317:Infinity":116,"f:315:11:315:12":32,"s:315:31:315:47":117,"f:316:12:316:13":33,"s:316:22:316:39":118,"s:320:17:320:Infinity":119,"s:323:8:331:Infinity":120,"f:323:33:323:39":34,"s:324:21:327:Infinity":121,"f:325:22:325:30":35,"s:325:30:325:75":122,"f:326:22:326:30":36,"s:326:30:326:75":123,"s:328:4:330:Infinity":124,"f:329:12:329:13":37,"s:329:22:329:77":125,"s:333:8:335:Infinity":126,"f:333:35:333:41":38,"s:334:4:334:Infinity":127,"f:334:27:334:32":39,"s:334:32:334:124":128,"b:334:32:334:56:334:56:334:81:334:81:334:113:334:113:334:124":31,"s:337:23:343:Infinity":129,"f:338:77:338:83":40,"s:338:83:338:107":130,"f:339:81:339:87":41,"s:339:87:339:113":131,"f:340:72:340:78":42,"s:340:78:340:101":132,"f:341:69:341:75":43,"s:341:75:341:97":133,"f:342:76:342:82":44,"s:342:82:342:106":134,"s:345:2:806:Infinity":135,"f:359:28:359:29":45,"s:360:13:360:Infinity":136,"f:371:29:371:30":46,"b:372:14:506:Infinity:undefined:undefined:undefined:undefined":32,"s:372:14:506:Infinity":137,"s:372:35:505:Infinity":138,"b:394:114:394:134:394:134:394:148":33,"b:395:58:395:87:395:87:395:Infinity":34,"b:464:141:464:159:464:159:464:190":35,"b:468:26:468:Infinity:469:27:471:Infinity":36,"b:490:123:490:138:490:138:490:169":37,"b:494:26:494:Infinity:495:27:497:Infinity":38,"b:499:26:499:Infinity:500:28:500:Infinity":39,"b:508:14:575:Infinity:undefined:undefined:undefined:undefined":40,"s:508:14:575:Infinity":139,"s:508:41:574:Infinity":140,"f:553:43:553:44":47,"s:553:54:553:Infinity":141,"f:566:39:566:40":48,"s:566:58:566:Infinity":142,"b:577:14:628:Infinity:undefined:undefined:undefined:undefined":41,"s:577:14:628:Infinity":143,"s:577:38:627:Infinity":144,"b:582:22:619:Infinity:621:22:624:Infinity":42,"f:595:56:595:57":49,"s:596:34:596:Infinity":145,"f:600:43:600:44":50,"s:600:62:600:Infinity":146,"f:607:50:607:51":51,"s:608:28:616:Infinity":147,"b:630:14:686:Infinity:undefined:undefined:undefined:undefined":43,"s:630:14:686:Infinity":148,"s:630:38:685:Infinity":149,"f:639:34:639:40":52,"s:639:40:639:Infinity":150,"f:648:44:648:45":53,"s:649:26:680:Infinity":151,"b:653:35:655:Infinity:656:36:656:79":44,"b:653:84:653:Infinity:654:35:655:Infinity":45,"b:654:84:654:Infinity:655:34:655:Infinity":46,"b:657:67:657:92:657:92:657:Infinity":47,"b:661:70:661:97:661:97:661:Infinity":48,"b:667:143:667:160:667:160:667:195":49,"b:667:65:667:101:667:101:667:143":50,"b:668:111:668:117:668:117:668:Infinity":51,"b:668:33:668:69:668:69:668:111":52,"b:669:34:669:82:669:82:669:127":53,"b:673:38:675:Infinity:676:39:676:82":54,"b:673:87:673:Infinity:674:38:675:Infinity":55,"b:674:87:674:Infinity:675:37:675:Infinity":56,"b:677:68:677:94:677:94:677:Infinity":57,"b:688:14:722:Infinity:undefined:undefined:undefined:undefined":58,"s:688:14:722:Infinity":152,"s:688:39:721:Infinity":153,"b:699:27:709:Infinity:711:27:714:Infinity":59,"f:698:42:698:47":54,"s:698:47:698:104":154,"b:698:47:698:69:698:69:698:104":60,"f:700:52:700:57":55,"s:700:57:700:114":155,"b:700:57:700:79:700:79:700:114":61,"f:700:120:700:125":56,"s:700:125:700:140":156,"f:704:40:704:45":57,"s:704:45:704:102":157,"b:704:45:704:67:704:67:704:102":62,"f:705:37:705:38":58,"s:706:36:706:Infinity":158,"b:724:14:758:Infinity:undefined:undefined:undefined:undefined":63,"s:724:14:758:Infinity":159,"s:724:35:757:Infinity":160,"b:734:28:748:Infinity:750:28:753:Infinity":64,"f:734:61:734:Infinity":59,"s:735:32:747:Infinity":161,"b:737:122:737:137:737:137:737:148":65,"b:744:121:744:137:744:137:744:142":66,"b:746:139:746:155:746:155:746:160":67,"b:760:14:799:Infinity:undefined:undefined:undefined:undefined":68,"s:760:14:799:Infinity":162,"s:760:40:798:Infinity":163,"b:773:25:783:Infinity:785:25:794:Infinity":69,"b:780:46:780:95:780:95:780:120":70,"b:791:46:791:95:791:95:791:118":71,"s:801:14:801:Infinity":164}}}
,"C:\\Users\\Thomas\\Micro-Gestion-Facile\\components\\EntityFormFields.tsx": {"path":"C:\\Users\\Thomas\\Micro-Gestion-Facile\\components\\EntityFormFields.tsx","statementMap":{"0":{"start":{"line":28,"column":59},"end":{"line":70,"column":null}},"1":{"start":{"line":41,"column":2},"end":{"line":70,"column":null}},"2":{"start":{"line":92,"column":59},"end":{"line":161,"column":null}},"3":{"start":{"line":106,"column":2},"end":{"line":161,"column":null}},"4":{"start":{"line":179,"column":63},"end":{"line":223,"column":null}},"5":{"start":{"line":189,"column":2},"end":{"line":223,"column":null}},"6":{"start":{"line":244,"column":59},"end":{"line":298,"column":null}},"7":{"start":{"line":257,"column":2},"end":{"line":298,"column":null}},"8":{"start":{"line":314,"column":69},"end":{"line":344,"column":null}},"9":{"start":{"line":322,"column":2},"end":{"line":344,"column":null}},"10":{"start":{"line":337,"column":27},"end":{"line":337,"column":null}}},"fnMap":{"0":{"name":"(anonymous_0)","decl":{"start":{"line":28,"column":59},"end":{"line":28,"column":60}},"loc":{"start":{"line":41,"column":2},"end":{"line":70,"column":null}},"line":41},"1":{"name":"(anonymous_1)","decl":{"start":{"line":92,"column":59},"end":{"line":92,"column":60}},"loc":{"start":{"line":106,"column":2},"end":{"line":161,"column":null}},"line":106},"2":{"name":"(anonymous_2)","decl":{"start":{"line":179,"column":63},"end":{"line":179,"column":64}},"loc":{"start":{"line":189,"column":2},"end":{"line":223,"column":null}},"line":189},"3":{"name":"(anonymous_3)","decl":{"start":{"line":244,"column":59},"end":{"line":244,"column":60}},"loc":{"start":{"line":257,"column":2},"end":{"line":298,"column":null}},"line":257},"4":{"name":"(anonymous_4)","decl":{"start":{"line":314,"column":69},"end":{"line":314,"column":70}},"loc":{"start":{"line":322,"column":2},"end":{"line":344,"column":null}},"line":322},"5":{"name":"(anonymous_5)","decl":{"start":{"line":337,"column":20},"end":{"line":337,"column":21}},"loc":{"start":{"line":337,"column":27},"end":{"line":337,"column":null}},"line":337}},"branchMap":{"0":{"loc":{"start":{"line":38,"column":2},"end":{"line":38,"column":null}},"type":"default-arg","locations":[{"start":{"line":38,"column":21},"end":{"line":38,"column":null}}],"line":38},"1":{"loc":{"start":{"line":39,"column":2},"end":{"line":39,"column":null}},"type":"default-arg","locations":[{"start":{"line":39,"column":13},"end":{"line":39,"column":null}}],"line":39},"2":{"loc":{"start":{"line":96,"column":2},"end":{"line":96,"column":null}},"type":"default-arg","locations":[{"start":{"line":96,"column":12},"end":{"line":96,"column":null}}],"line":96},"3":{"loc":{"start":{"line":104,"column":2},"end":{"line":104,"column":null}},"type":"default-arg","locations":[{"start":{"line":104,"column":13},"end":{"line":104,"column":null}}],"line":104},"4":{"loc":{"start":{"line":138,"column":7},"end":{"line":158,"column":null}},"type":"binary-expr","locations":[{"start":{"line":138,"column":7},"end":{"line":138,"column":null}},{"start":{"line":139,"column":8},"end":{"line":158,"column":null}}],"line":138},"5":{"loc":{"start":{"line":180,"column":2},"end":{"line":180,"column":null}},"type":"default-arg","locations":[{"start":{"line":180,"column":14},"end":{"line":180,"column":null}}],"line":180},"6":{"loc":{"start":{"line":181,"column":2},"end":{"line":181,"column":null}},"type":"default-arg","locations":[{"start":{"line":181,"column":17},"end":{"line":181,"column":null}}],"line":181},"7":{"loc":{"start":{"line":182,"column":2},"end":{"line":182,"column":null}},"type":"default-arg","locations":[{"start":{"line":182,"column":10},"end":{"line":182,"column":null}}],"line":182},"8":{"loc":{"start":{"line":186,"column":2},"end":{"line":186,"column":null}},"type":"default-arg","locations":[{"start":{"line":186,"column":13},"end":{"line":186,"column":null}}],"line":186},"9":{"loc":{"start":{"line":187,"column":2},"end":{"line":187,"column":null}},"type":"default-arg","locations":[{"start":{"line":187,"column":15},"end":{"line":187,"column":null}}],"line":187},"10":{"loc":{"start":{"line":191,"column":7},"end":{"line":199,"column":null}},"type":"binary-expr","locations":[{"start":{"line":191,"column":7},"end":{"line":191,"column":null}},{"start":{"line":192,"column":8},"end":{"line":199,"column":null}}],"line":191},"11":{"loc":{"start":{"line":201,"column":7},"end":{"line":210,"column":null}},"type":"binary-expr","locations":[{"start":{"line":201,"column":7},"end":{"line":201,"column":null}},{"start":{"line":202,"column":8},"end":{"line":210,"column":null}}],"line":201},"12":{"loc":{"start":{"line":213,"column":5},"end":{"line":221,"column":null}},"type":"binary-expr","locations":[{"start":{"line":213,"column":5},"end":{"line":213,"column":null}},{"start":{"line":214,"column":6},"end":{"line":221,"column":null}}],"line":213},"13":{"loc":{"start":{"line":253,"column":2},"end":{"line":253,"column":null}},"type":"default-arg","locations":[{"start":{"line":253,"column":15},"end":{"line":253,"column":null}}],"line":253},"14":{"loc":{"start":{"line":288,"column":7},"end":{"line":295,"column":null}},"type":"binary-expr","locations":[{"start":{"line":288,"column":7},"end":{"line":288,"column":27}},{"start":{"line":288,"column":27},"end":{"line":288,"column":null}},{"start":{"line":289,"column":8},"end":{"line":295,"column":null}}],"line":288},"15":{"loc":{"start":{"line":291,"column":17},"end":{"line":291,"column":null}},"type":"binary-expr","locations":[{"start":{"line":291,"column":17},"end":{"line":291,"column":29}},{"start":{"line":291,"column":29},"end":{"line":291,"column":null}}],"line":291},"16":{"loc":{"start":{"line":319,"column":2},"end":{"line":319,"column":null}},"type":"default-arg","locations":[{"start":{"line":319,"column":16},"end":{"line":319,"column":null}}],"line":319},"17":{"loc":{"start":{"line":320,"column":2},"end":{"line":320,"column":null}},"type":"default-arg","locations":[{"start":{"line":320,"column":15},"end":{"line":320,"column":null}}],"line":320},"18":{"loc":{"start":{"line":332,"column":5},"end":{"line":342,"column":null}},"type":"binary-expr","locations":[{"start":{"line":332,"column":5},"end":{"line":332,"column":null}},{"start":{"line":333,"column":6},"end":{"line":342,"column":null}}],"line":332}},"s":{"0":1,"1":2,"2":1,"3":3,"4":1,"5":0,"6":1,"7":0,"8":1,"9":0,"10":0},"f":{"0":2,"1":3,"2":0,"3":0,"4":0,"5":0},"b":{"0":[2],"1":[2],"2":[3],"3":[3],"4":[3,1],"5":[0],"6":[0],"7":[0],"8":[0],"9":[0],"10":[0,0],"11":[0,0],"12":[0,0],"13":[0],"14":[0,0,0],"15":[0,0],"16":[0],"17":[0],"18":[0,0]},"meta":{"lastBranch":19,"lastFunction":6,"lastStatement":11,"seen":{"s:28:59:70:Infinity":0,"f:28:59:28:60":0,"s:41:2:70:Infinity":1,"b:38:21:38:Infinity":0,"b:39:13:39:Infinity":1,"s:92:59:161:Infinity":2,"f:92:59:92:60":1,"s:106:2:161:Infinity":3,"b:96:12:96:Infinity":2,"b:104:13:104:Infinity":3,"b:138:7:138:Infinity:139:8:158:Infinity":4,"s:179:63:223:Infinity":4,"f:179:63:179:64":2,"s:189:2:223:Infinity":5,"b:180:14:180:Infinity":5,"b:181:17:181:Infinity":6,"b:182:10:182:Infinity":7,"b:186:13:186:Infinity":8,"b:187:15:187:Infinity":9,"b:191:7:191:Infinity:192:8:199:Infinity":10,"b:201:7:201:Infinity:202:8:210:Infinity":11,"b:213:5:213:Infinity:214:6:221:Infinity":12,"s:244:59:298:Infinity":6,"f:244:59:244:60":3,"s:257:2:298:Infinity":7,"b:253:15:253:Infinity":13,"b:288:7:288:27:288:27:288:Infinity:289:8:295:Infinity":14,"b:291:17:291:29:291:29:291:Infinity":15,"s:314:69:344:Infinity":8,"f:314:69:314:70":4,"s:322:2:344:Infinity":9,"b:319:16:319:Infinity":16,"b:320:15:320:Infinity":17,"b:332:5:332:Infinity:333:6:342:Infinity":18,"f:337:20:337:21":5,"s:337:27:337:Infinity":10}}}
[...]
:18:67:18:94":1,"s:20:21:27:Infinity":6,"s:29:4:29:Infinity":7,"b:29:11:29:28:29:28:29:Infinity":2,"s:31:4:31:Infinity":8,"s:32:4:32:Infinity":9,"s:36:41:51:Infinity":10,"f:36:41:36:48":1,"s:37:2:50:Infinity":11,"s:38:20:38:Infinity":12,"s:41:22:44:Infinity":13,"s:46:4:46:Infinity":14,"b:46:11:46:36:46:36:46:Infinity":3,"s:48:4:48:Infinity":15,"s:49:4:49:Infinity":16,"s:53:46:76:Infinity":17,"f:53:46:53:53":2,"s:54:2:75:Infinity":18,"s:55:25:55:Infinity":19,"s:61:21:68:Infinity":20,"s:70:17:70:Infinity":21,"b:70:17:70:34:70:34:70:Infinity":4,"s:71:4:71:Infinity":22,"s:73:4:73:Infinity":23,"s:74:4:74:Infinity":24,"s:78:26:113:Infinity":25,"f:78:26:78:33":3,"s:86:2:112:Infinity":26,"s:87:19:94:Infinity":27,"b:91:30:91:81:91:81:91:83":5,"b:92:22:92:62:92:62:92:64":6,"s:99:21:105:Infinity":28,"s:107:17:107:Infinity":29,"b:107:17:107:34:107:34:107:Infinity":7,"s:108:4:108:Infinity":30,"s:110:4:110:Infinity":31,"s:111:4:111:Infinity":32,"s:115:30:146:Infinity":33,"f:115:30:115:37":4,"s:116:2:145:Infinity":34,"s:117:19:117:Infinity":35,"s:127:21:138:Infinity":36,"s:140:17:140:Infinity":37,"b:140:17:140:34:140:34:140:Infinity":8,"s:141:4:141:Infinity":38,"s:143:4:143:Infinity":39,"s:144:4:144:Infinity":40,"s:148:30:168:Infinity":41,"f:148:30:148:37":5,"s:149:2:167:Infinity":42,"s:150:19:153:Infinity":43,"s:158:21:161:Infinity":44,"s:163:4:163:Infinity":45,"b:163:11:163:28:163:28:163:Infinity":9,"s:165:4:165:Infinity":46,"s:166:4:166:Infinity":47,"s:173:38:216:Infinity":48,"f:173:38:173:Infinity":6,"s:182:2:215:Infinity":49,"s:183:19:187:Infinity":50,"s:202:21:208:Infinity":51,"s:210:17:210:Infinity":52,"b:210:17:210:34:210:34:210:Infinity":10,"s:211:4:211:Infinity":53,"s:213:4:213:Infinity":54,"s:214:4:214:Infinity":55,"s:221:34:261:Infinity":56,"f:221:34:221:Infinity":7,"s:230:2:260:Infinity":57,"s:231:19:238:Infinity":58,"b:238:23:238:51:238:51:238:61":11,"s:247:21:253:Infinity":59,"s:255:17:255:Infinity":60,"b:255:17:255:34:255:34:255:Infinity":12,"s:256:4:256:Infinity":61,"s:258:4:258:Infinity":62,"s:259:4:259:Infinity":63}}}
,"C:\\Users\\Thomas\\Micro-Gestion-Facile\\src\\mocks\\handlers.ts": {"path":"C:\\Users\\Thomas\\Micro-Gestion-Facile\\src\\mocks\\handlers.ts","statementMap":{"0":{"start":{"line":3,"column":17},"end":{"line":20,"column":null}},"1":{"start":{"line":22,"column":30},"end":{"line":22,"column":null}},"2":{"start":{"line":24,"column":24},"end":{"line":45,"column":null}},"3":{"start":{"line":28,"column":17},"end":{"line":28,"column":null}},"4":{"start":{"line":29,"column":26},"end":{"line":29,"column":null}},"5":{"start":{"line":31,"column":4},"end":{"line":43,"column":null}}},"fnMap":{"0":{"name":"(anonymous_0)","decl":{"start":{"line":27,"column":99},"end":{"line":27,"column":106}},"loc":{"start":{"line":27,"column":122},"end":{"line":44,"column":3}},"line":27}},"branchMap":{"0":{"loc":{"start":{"line":37,"column":22},"end":{"line":37,"column":null}},"type":"cond-expr","locations":[{"start":{"line":37,"column":38},"end":{"line":37,"column":67}},{"start":{"line":37,"column":67},"end":{"line":37,"column":null}}],"line":37}},"s":{"0":11,"1":11,"2":11,"3":8,"4":8,"5":8},"f":{"0":8},"b":{"0":[5,3]},"meta":{"lastBranch":1,"lastFunction":1,"lastStatement":6,"seen":{"s:3:17:20:Infinity":0,"s:22:30:22:Infinity":1,"s:24:24:45:Infinity":2,"f:27:99:27:106":0,"s:28:17:28:Infinity":3,"s:29:26:29:Infinity":4,"s:31:4:43:Infinity":5,"b:37:38:37:67:37:67:37:Infinity":0}}}
,"C:\\Users\\Thomas\\Micro-Gestion-Facile\\src\\mocks\\server.ts": {"path":"C:\\Users\\Thomas\\Micro-Gestion-Facile\\src\\mocks\\server.ts","statementMap":{"0":{"start":{"line":4,"column":13},"end":{"line":4,"column":null}}},"fnMap":{},"branchMap":{},"s":{"0":11},"f":{},"b":{},"meta":{"lastBranch":0,"lastFunction":0,"lastStatement":1,"seen":{"s:4:13:4:Infinity":0}}}
,"C:\\Users\\Thomas\\Micro-Gestion-Facile\\store\\appStore.ts": {"path":"C:\\Users\\Thomas\\Micro-Gestion-Facile\\store\\appStore.ts","statementMap":{"0":{"start":{"line":84,"column":40},"end":{"line":106,"column":null}},"1":{"start":{"line":108,"column":47},"end":{"line":123,"column":null}},"2":{"start":{"line":126,"column":13},"end":{"line":272,"column":null}},"3":{"start":{"line":129,"column":16},"end":{"line":252,"column":null}},"4":{"start":{"line":132,"column":45},"end":{"line":132,"column":null}},"5":{"start":{"line":135,"column":48},"end":{"line":135,"column":null}},"6":{"start":{"line":144,"column":10},"end":{"line":150,"column":null}},"7":{"start":{"line":145,"column":12},"end":{"line":145,"column":null}},"8":{"start":{"line":146,"column":12},"end":{"line":146,"column":null}},"9":{"start":{"line":148,"column":12},"end":{"line":148,"column":null}},"10":{"start":{"line":149,"column":12},"end":{"line":149,"column":null}},"11":{"start":{"line":151,"column":10},"end":{"line":151,"column":null}},"12":{"start":{"line":156,"column":40},"end":{"line":156,"column":null}},"13":{"start":{"line":159,"column":44},"end":{"line":159,"column":null}},"14":{"start":{"line":163,"column":46},"end":{"line":163,"column":null}},"15":{"start":{"line":165,"column":10},"end":{"line":165,"column":null}},"16":{"start":{"line":165,"column":26},"end":{"line":165,"column":64}},"17":{"start":{"line":168,"column":43},"end":{"line":168,"column":null}},"18":{"start":{"line":170,"column":10},"end":{"line":170,"column":null}},"19":{"start":{"line":170,"column":26},"end":{"line":170,"column":62}},"20":{"start":{"line":173,"column":49},"end":{"line":173,"column":null}},"21":{"start":{"line":175,"column":10},"end":{"line":175,"column":null}},"22":{"start":{"line":175,"column":26},"end":{"line":175,"column":66}},"23":{"start":{"line":178,"column":46},"end":{"line":178,"column":null}},"24":{"start":{"line":180,"column":10},"end":{"line":180,"column":null}},"25":{"start":{"line":180,"column":26},"end":{"line":180,"column":64}},"26":{"start":{"line":183,"column":46},"end":{"line":183,"column":null}},"27":{"start":{"line":185,"column":10},"end":{"line":185,"column":null}},"28":{"start":{"line":185,"column":26},"end":{"line":185,"column":64}},"29":{"start":{"line":188,"column":40},"end":{"line":188,"column":null}},"30":{"start":{"line":190,"column":10},"end":{"line":190,"column":null}},"31":{"start":{"line":190,"column":26},"end":{"line":190,"column":60}},"32":{"start":{"line":193,"column":59},"end":{"line":193,"column":null}},"33":{"start":{"line":195,"column":10},"end":{"line":195,"column":null}},"34":{"start":{"line":195,"column":26},"end":{"line":195,"column":76}},"35":{"start":{"line":198,"column":56},"end":{"line":198,"column":null}},"36":{"start":{"line":200,"column":10},"end":{"line":200,"column":null}},"37":{"start":{"line":200,"column":26},"end":{"line":200,"column":76}},"38":{"start":{"line":203,"column":50},"end":{"line":203,"column":null}},"39":{"start":{"line":205,"column":10},"end":{"line":207,"column":null}},"40":{"start":{"line":205,"column":26},"end":{"line":207,"column":12}},"41":{"start":{"line":212,"column":10},"end":{"line":224,"column":null}},"42":{"start":{"line":212,"column":26},"end":{"line":224,"column":12}},"43":{"start":{"line":225,"column":25},"end":{"line":225,"column":null}},"44":{"start":{"line":229,"column":10},"end":{"line":244,"column":null}},"45":{"start":{"line":247,"column":10},"end":{"line":251,"column":null}},"46":{"start":{"line":247,"column":26},"end":{"line":251,"column":12}},"47":{"start":{"line":248,"column":51},"end":{"line":248,"column":60}},"48":{"start":{"line":249,"column":49},"end":{"line":249,"column":58}},"49":{"start":{"line":250,"column":51},"end":{"line":250,"column":60}},"50":{"start":{"line":255,"column":32},"end":{"line":268,"column":null}}},"fnMap":{"0":{"name":"(anonymous_0)","decl":{"start":{"line":129,"column":6},"end":{"line":129,"column":7}},"loc":{"start":{"line":129,"column":16},"end":{"line":252,"column":null}},"line":129},"1":{"name":"(anonymous_1)","decl":{"start":{"line":132,"column":24},"end":{"line":132,"column":25}},"loc":{"start":{"line":132,"column":45},"end":{"line":132,"column":null}},"line":132},"2":{"name":"(anonymous_2)","decl":{"start":{"line":135,"column":29},"end":{"line":135,"column":30}},"loc":{"start":{"line":135,"column":48},"end":{"line":135,"column":null}},"line":135},"3":{"name":"(anonymous_3)","decl":{"start":{"line":143,"column":23},"end":{"line":143,"column":24}},"loc":{"start":{"line":143,"column":44},"end":{"line":152,"column":null}},"line":143},"4":{"name":"(anonymous_4)","decl":{"start":{"line":156,"column":17},"end":{"line":156,"column":18}},"loc":{"start":{"line":156,"column":40},"end":{"line":156,"column":null}},"line":156},"5":{"name":"(anonymous_5)","decl":{"start":{"line":159,"column":24},"end":{"line":159,"column":25}},"loc":{"start":{"line":159,"column":44},"end":{"line":159,"column":null}},"line":159},"6":{"name":"(anonymous_6)","decl":{"start":{"line":163,"column":21},"end":{"line":163,"column":22}},"loc":{"start":{"line":163,"column":46},"end":{"line":163,"column":null}},"line":163},"7":{"name":"(anonymous_7)","decl":{"start":{"line":164,"column":24},"end":{"line":164,"column":25}},"loc":{"start":{"line":165,"column":10},"end":{"line":165,"column":null}},"line":165},"8":{"name":"(anonymous_8)","decl":{"start":{"line":165,"column":14},"end":{"line":165,"column":15}},"loc":{"start":{"line":165,"column":26},"end":{"line":165,"column":64}},"line":165},"9":{"name":"(anonymous_9)","decl":{"start":{"line":168,"column":20},"end":{"line":168,"column":21}},"loc":{"start":{"line":168,"column":43},"end":{"line":168,"column":null}},"line":168},"10":{"name":"(anonymous_10)","decl":{"start":{"line":169,"column":23},"end":{"line":169,"column":24}},"loc":{"start":{"line":170,"column":10},"end":{"line":170,"column":null}},"line":170},"11":{"name":"(anonymous_11)","decl":{"start":{"line":170,"column":14},"end":{"line":170,"column":15}},"loc":{"start":{"line":170,"column":26},"end":{"line":170,"column":62}},"line":170},"12":{"name":"(anonymous_12)","decl":{"start":{"line":173,"column":22},"end":{"line":173,"column":23}},"loc":{"start":{"line":173,"column":49},"end":{"line":173,"column":null}},"line":173},"13":{"name":"(anonymous_13)","decl":{"start":{"line":174,"column":25},"end":{"line":174,"column":26}},"loc":{"start":{"line":175,"column":10},"end":{"line":175,"column":null}},"line":175},"14":{"name":"(anonymous_14)","decl":{"start":{"line":175,"column":14},"end":{"line":175,"column":15}},"loc":{"start":{"line":175,"column":26},"end":{"line":175,"column":66}},"line":175},"15":{"name":"(anonymous_15)","decl":{"start":{"line":178,"column":21},"end":{"line":178,"column":22}},"loc":{"start":{"line":178,"column":46},"end":{"line":178,"column":null}},"line":178},"16":{"name":"(anonymous_16)","decl":{"start":{"line":179,"column":24},"end":{"line":179,"column":25}},"loc":{"start":{"line":180,"column":10},"end":{"line":180,"column":null}},"line":180},"17":{"name":"(anonymous_17)","decl":{"start":{"line":180,"column":14},"end":{"line":180,"column":15}},"loc":{"start":{"line":180,"column":26},"end":{"line":180,"column":64}},"line":180},"18":{"name":"(anonymous_18)","decl":{"start":{"line":183,"column":21},"end":{"line":183,"column":22}},"loc":{"start":{"line":183,"column":46},"end":{"line":183,"column":null}},"line":183},"19":{"name":"(anonymous_19)","decl":{"start":{"line":184,"column":24},"end":{"line":184,"column":25}},"loc":{"start":{"line":185,"column":10},"end":{"line":185,"column":null}},"line":185},"20":{"name":"(anonymous_20)","decl":{"start":{"line":185,"column":14},"end":{"line":185,"column":15}},"loc":{"start":{"line":185,"column":26},"end":{"line":185,"column":64}},"line":185},"21":{"name":"(anonymous_21)","decl":{"start":{"line":188,"column":19},"end":{"line":188,"column":20}},"loc":{"start":{"line":188,"column":40},"end":{"line":188,"column":null}},"line":188},"22":{"name":"(anonymous_22)","decl":{"start":{"line":189,"column":22},"end":{"line":189,"column":23}},"loc":{"start":{"line":190,"column":10},"end":{"line":190,"column":null}},"line":190},"23":{"name":"(anonymous_23)","decl":{"start":{"line":190,"column":14},"end":{"line":190,"column":15}},"loc":{"start":{"line":190,"column":26},"end":{"line":190,"column":60}},"line":190},"24":{"name":"(anonymous_24)","decl":{"start":{"line":193,"column":27},"end":{"line":193,"column":28}},"loc":{"start":{"line":193,"column":59},"end":{"line":193,"column":null}},"line":193},"25":{"name":"(anonymous_25)","decl":{"start":{"line":194,"column":30},"end":{"line":194,"column":31}},"loc":{"start":{"line":195,"column":10},"end":{"line":195,"column":null}},"line":195},"26":{"name":"(anonymous_26)","decl":{"start":{"line":195,"column":14},"end":{"line":195,"column":15}},"loc":{"start":{"line":195,"column":26},"end":{"line":195,"column":76}},"line":195},"27":{"name":"(anonymous_27)","decl":{"start":{"line":198,"column":27},"end":{"line":198,"column":28}},"loc":{"start":{"line":198,"column":56},"end":{"line":198,"column":null}},"line":198},"28":{"name":"(anonymous_28)","decl":{"start":{"line":199,"column":30},"end":{"line":199,"column":31}},"loc":{"start":{"line":200,"column":10},"end":{"line":200,"column":null}},"line":200},"29":{"name":"(anonymous_29)","decl":{"start":{"line":200,"column":14},"end":{"line":200,"column":15}},"loc":{"start":{"line":200,"column":26},"end":{"line":200,"column":76}},"line":200},"30":{"name":"(anonymous_30)","decl":{"start":{"line":203,"column":24},"end":{"line":203,"column":25}},"loc":{"start":{"line":203,"column":50},"end":{"line":203,"column":null}},"line":203},"31":{"name":"(anonymous_31)","decl":{"start":{"line":204,"column":27},"end":{"line":204,"column":28}},"loc":{"start":{"line":205,"column":10},"end":{"line":207,"column":null}},"line":205},"32":{"name":"(anonymous_32)","decl":{"start":{"line":205,"column":14},"end":{"line":205,"column":15}},"loc":{"start":{"line":205,"column":26},"end":{"line":207,"column":12}},"line":205},"33":{"name":"(anonymous_33)","decl":{"start":{"line":211,"column":16},"end":{"line":211,"column":17}},"loc":{"start":{"line":212,"column":10},"end":{"line":224,"column":null}},"line":212},"34":{"name":"(anonymous_34)","decl":{"start":{"line":212,"column":14},"end":{"line":212,"column":15}},"loc":{"start":{"line":212,"column":26},"end":{"line":224,"column":12}},"line":212},"35":{"name":"(anonymous_35)","decl":{"start":{"line":225,"column":19},"end":{"line":225,"column":25}},"loc":{"start":{"line":225,"column":25},"end":{"line":225,"column":null}},"line":225},"36":{"name":"(anonymous_36)","decl":{"start":{"line":228,"column":15},"end":{"line":228,"column":null}},"loc":{"start":{"line":229,"column":10},"end":{"line":244,"column":null}},"line":229},"37":{"name":"(anonymous_37)","decl":{"start":{"line":246,"column":23},"end":{"line":246,"column":null}},"loc":{"start":{"line":247,"column":10},"end":{"line":251,"column":null}},"line":247},"38":{"name":"(anonymous_38)","decl":{"start":{"line":247,"column":14},"end":{"line":247,"column":15}},"loc":{"start":{"line":247,"column":26},"end":{"line":251,"column":12}},"line":247},"39":{"name":"(anonymous_39)","decl":{"start":{"line":248,"column":44},"end":{"line":248,"column":45}},"loc":{"start":{"line":248,"column":51},"end":{"line":248,"column":60}},"line":248},"40":{"name":"(anonymous_40)","decl":{"start":{"line":249,"column":42},"end":{"line":249,"column":43}},"loc":{"start":{"line":249,"column":49},"end":{"line":249,"column":58}},"line":249},"41":{"name":"(anonymous_41)","decl":{"start":{"line":250,"column":44},"end":{"line":250,"column":45}},"loc":{"start":{"line":250,"column":51},"end":{"line":250,"column":60}},"line":250},"42":{"name":"(anonymous_42)","decl":{"start":{"line":255,"column":20},"end":{"line":255,"column":21}},"loc":{"start":{"line":255,"column":32},"end":{"line":268,"column":null}},"line":255}},"branchMap":{"0":{"loc":{"start":{"line":138,"column":10},"end":{"line":142,"column":null}},"type":"cond-expr","locations":[{"start":{"line":139,"column":14},"end":{"line":141,"column":null}},{"start":{"line":142,"column":14},"end":{"line":142,"column":null}}],"line":138},"1":{"loc":{"start":{"line":138,"column":10},"end":{"line":138,"column":null}},"type":"binary-expr","locations":[{"start":{"line":138,"column":10},"end":{"line":138,"column":47}},{"start":{"line":138,"column":47},"end":{"line":138,"column":null}}],"line":138},"2":{"loc":{"start":{"line":139,"column":14},"end":{"line":141,"column":null}},"type":"binary-expr","locations":[{"start":{"line":139,"column":14},"end":{"line":139,"column":null}},{"start":{"line":140,"column":15},"end":{"line":140,"column":null}},{"start":{"line":141,"column":16},"end":{"line":141,"column":null}}],"line":139},"3":{"loc":{"start":{"line":144,"column":10},"end":{"line":150,"column":null}},"type":"if","locations":[{"start":{"line":144,"column":10},"end":{"line":150,"column":null}},{"start":{"line":147,"column":17},"end":{"line":150,"column":null}}],"line":144}},"s":{"0":2,"1":2,"2":2,"3":2,"4":2,"5":1,"6":2,"7":2,"8":2,"9":0,"10":0,"11":2,"12":1,"13":1,"14":2,"15":1,"16":1,"17":2,"18":1,"19":1,"20":1,"21":1,"22":1,"23":1,"24":1,"25":1,"26":1,"27":1,"28":1,"29":1,"30":1,"31":1,"32":1,"33":1,"34":1,"35":1,"36":1,"37":1,"38":1,"39":0,"40":0,"41":1,"42":1,"43":1,"44":9,"45":1,"46":1,"47":2,"48":2,"49":0,"50":38},"f":{"0":2,"1":2,"2":1,"3":2,"4":1,"5":1,"6":2,"7":1,"8":1,"9":2,"10":1,"11":1,"12":1,"13":1,"14":1,"15":1,"16":1,"17":1,"18":1,"19":1,"20":1,"21":1,"22":1,"23":1,"24":1,"25":1,"26":1,"27":1,"28":1,"29":1,"30":1,"31":0,"32":0,"33":1,"34":1,"35":1,"36":9,"37":1,"38":1,"39":2,"40":2,"41":0,"42":38},"b":{"0":[2,0],"1":[2,2],"2":[2,2,2],"3":[2,0]},"meta":{"lastBranch":4,"lastFunction":43,"lastStatement":51,"seen":{"s:84:40:106:Infinity":0,"s:108:47:123:Infinity":1,"s:126:13:272:Infinity":2,"f:129:6:129:7":0,"s:129:16:252:Infinity":3,"f:132:24:132:25":1,"s:132:45:132:Infinity":4,"f:135:29:135:30":2,"s:135:48:135:Infinity":5,"b:139:14:141:Infinity:142:14:142:Infinity":0,"b:138:10:138:47:138:47:138:Infinity":1,"b:139:14:139:Infinity:140:15:140:Infinity:141:16:141:Infinity":2,"f:143:23:143:24":3,"b:144:10:150:Infinity:147:17:150:Infinity":3,"s:144:10:150:Infinity":6,"s:145:12:145:Infinity":7,"s:146:12:146:Infinity":8,"s:148:12:148:Infinity":9,"s:149:12:149:Infinity":10,"s:151:10:151:Infinity":11,"f:156:17:156:18":4,"s:156:40:156:Infinity":12,"f:159:24:159:25":5,"s:159:44:159:Infinity":13,"f:163:21:163:22":6,"s:163:46:163:Infinity":14,"f:164:24:164:25":7,"s:165:10:165:Infinity":15,"f:165:14:165:15":8,"s:165:26:165:64":16,"f:168:20:168:21":9,"s:168:43:168:Infinity":17,"f:169:23:169:24":10,"s:170:10:170:Infinity":18,"f:170:14:170:15":11,"s:170:26:170:62":19,"f:173:22:173:23":12,"s:173:49:173:Infinity":20,"f:174:25:174:26":13,"s:175:10:175:Infinity":21,"f:175:14:175:15":14,"s:175:26:175:66":22,"f:178:21:178:22":15,"s:178:46:178:Infinity":23,"f:179:24:179:25":16,"s:180:10:180:Infinity":24,"f:180:14:180:15":17,"s:180:26:180:64":25,"f:183:21:183:22":18,"s:183:46:183:Infinity":26,"f:184:24:184:25":19,"s:185:10:185:Infinity":27,"f:185:14:185:15":20,"s:185:26:185:64":28,"f:188:19:188:20":21,"s:188:40:188:Infinity":29,"f:189:22:189:23":22,"s:190:10:190:Infinity":30,"f:190:14:190:15":23,"s:190:26:190:60":31,"f:193:27:193:28":24,"s:193:59:193:Infinity":32,"f:194:30:194:31":25,"s:195:10:195:Infinity":33,"f:195:14:195:15":26,"s:195:26:195:76":34,"f:198:27:198:28":27,"s:198:56:198:Infinity":35,"f:199:30:199:31":28,"s:200:10:200:Infinity":36,"f:200:14:200:15":29,"s:200:26:200:76":37,"f:203:24:203:25":30,"s:203:50:203:Infinity":38,"f:204:27:204:28":31,"s:205:10:207:Infinity":39,"f:205:14:205:15":32,"s:205:26:207:12":40,"f:211:16:211:17":33,"s:212:10:224:Infinity":41,"f:212:14:212:15":34,"s:212:26:224:12":42,"f:225:19:225:25":35,"s:225:25:225:Infinity":43,"f:228:15:228:Infinity":36,"s:229:10:244:Infinity":44,"f:246:23:246:Infinity":37,"s:247:10:251:Infinity":45,"f:247:14:247:15":38,"s:247:26:251:12":46,"f:248:44:248:45":39,"s:248:51:248:60":47,"f:249:42:249:43":40,"s:249:49:249:58":48,"f:250:44:250:45":41,"s:250:51:250:60":49,"f:255:20:255:21":42,"s:255:32:268:Infinity":50}}}
}
