{"C:\\Users\\Thomas\\Micro-Gestion-Facile\\lib\\invoiceCalculations.ts": {"path":"C:\\Users\\Thomas\\Micro-Gestion-Facile\\lib\\invoiceCalculations.ts","statementMap":{"0":{"start":{"line":57,"column":32},"end":{"line":62,"column":null}},"1":{"start":{"line":65,"column":37},"end":{"line":65,"column":null}},"2":{"start":{"line":68,"column":41},"end":{"line":72,"column":null}},"3":{"start":{"line":75,"column":25},"end":{"line":80,"column":null}},"4":{"start":{"line":94,"column":19},"end":{"line":94,"column":null}},"5":{"start":{"line":95,"column":18},"end":{"line":95,"column":null}},"6":{"start":{"line":98,"column":2},"end":{"line":100,"column":null}},"7":{"start":{"line":99,"column":4},"end":{"line":99,"column":null}},"8":{"start":{"line":102,"column":2},"end":{"line":106,"column":null}},"9":{"start":{"line":103,"column":4},"end":{"line":105,"column":null}},"10":{"start":{"line":109,"column":20},"end":{"line":109,"column":null}},"11":{"start":{"line":112,"column":20},"end":{"line":112,"column":null}},"12":{"start":{"line":114,"column":2},"end":{"line":119,"column":null}},"13":{"start":{"line":133,"column":20},"end":{"line":133,"column":null}},"14":{"start":{"line":135,"column":2},"end":{"line":137,"column":null}},"15":{"start":{"line":136,"column":4},"end":{"line":136,"column":null}},"16":{"start":{"line":140,"column":18},"end":{"line":140,"column":null}},"17":{"start":{"line":141,"column":2},"end":{"line":141,"column":null}},"18":{"start":{"line":160,"column":25},"end":{"line":160,"column":null}},"19":{"start":{"line":162,"column":2},"end":{"line":164,"column":null}},"20":{"start":{"line":163,"column":4},"end":{"line":163,"column":null}},"21":{"start":{"line":168,"column":4},"end":{"line":170,"column":null}},"22":{"start":{"line":173,"column":27},"end":{"line":173,"column":null}},"23":{"start":{"line":174,"column":23},"end":{"line":176,"column":null}},"24":{"start":{"line":179,"column":21},"end":{"line":179,"column":null}},"25":{"start":{"line":180,"column":30},"end":{"line":182,"column":null}},"26":{"start":{"line":185,"column":20},"end":{"line":187,"column":null}},"27":{"start":{"line":190,"column":20},"end":{"line":193,"column":null}},"28":{"start":{"line":195,"column":2},"end":{"line":202,"column":null}},"29":{"start":{"line":224,"column":20},"end":{"line":227,"column":null}},"30":{"start":{"line":229,"column":23},"end":{"line":234,"column":null}},"31":{"start":{"line":236,"column":2},"end":{"line":239,"column":null}},"32":{"start":{"line":257,"column":17},"end":{"line":257,"column":null}},"33":{"start":{"line":258,"column":19},"end":{"line":258,"column":null}},"34":{"start":{"line":260,"column":2},"end":{"line":262,"column":null}},"35":{"start":{"line":261,"column":4},"end":{"line":261,"column":null}},"36":{"start":{"line":264,"column":2},"end":{"line":266,"column":null}},"37":{"start":{"line":280,"column":17},"end":{"line":280,"column":null}},"38":{"start":{"line":281,"column":19},"end":{"line":281,"column":null}},"39":{"start":{"line":283,"column":2},"end":{"line":285,"column":null}},"40":{"start":{"line":284,"column":4},"end":{"line":284,"column":null}},"41":{"start":{"line":287,"column":2},"end":{"line":289,"column":null}},"42":{"start":{"line":288,"column":4},"end":{"line":288,"column":null}},"43":{"start":{"line":291,"column":2},"end":{"line":291,"column":null}},"44":{"start":{"line":309,"column":18},"end":{"line":309,"column":null}},"45":{"start":{"line":310,"column":2},"end":{"line":310,"column":null}},"46":{"start":{"line":320,"column":2},"end":{"line":320,"column":null}},"47":{"start":{"line":334,"column":25},"end":{"line":334,"column":null}},"48":{"start":{"line":336,"column":4},"end":{"line":338,"column":null}},"49":{"start":{"line":340,"column":2},"end":{"line":340,"column":null}}},"fnMap":{"0":{"name":"calculateInvoiceTax","decl":{"start":{"line":93,"column":16},"end":{"line":93,"column":36}},"loc":{"start":{"line":93,"column":90},"end":{"line":120,"column":null}},"line":93},"1":{"name":"calculateHTFromTTC","decl":{"start":{"line":129,"column":16},"end":{"line":129,"column":null}},"loc":{"start":{"line":132,"column":11},"end":{"line":142,"column":null}},"line":132},"2":{"name":"calculateMicroEntrepreneurCharges","decl":{"start":{"line":156,"column":16},"end":{"line":156,"column":null}},"loc":{"start":{"line":159,"column":30},"end":{"line":203,"column":null}},"line":159},"3":{"name":"calculateFullInvoice","decl":{"start":{"line":218,"column":16},"end":{"line":218,"column":37}},"loc":{"start":{"line":223,"column":3},"end":{"line":240,"column":null}},"line":223},"4":{"name":"applyDiscount","decl":{"start":{"line":253,"column":16},"end":{"line":253,"column":null}},"loc":{"start":{"line":256,"column":11},"end":{"line":267,"column":null}},"line":256},"5":{"name":"applyFixedDiscount","decl":{"start":{"line":276,"column":16},"end":{"line":276,"column":null}},"loc":{"start":{"line":279,"column":11},"end":{"line":292,"column":null}},"line":279},"6":{"name":"formatCurrency","decl":{"start":{"line":305,"column":16},"end":{"line":305,"column":null}},"loc":{"start":{"line":308,"column":10},"end":{"line":311,"column":null}},"line":308},"7":{"name":"roundToCents","decl":{"start":{"line":319,"column":16},"end":{"line":319,"column":29}},"loc":{"start":{"line":319,"column":73},"end":{"line":321,"column":null}},"line":319},"8":{"name":"isWithinMicroThreshold","decl":{"start":{"line":330,"column":16},"end":{"line":330,"column":null}},"loc":{"start":{"line":333,"column":11},"end":{"line":341,"column":null}},"line":333}},"branchMap":{"0":{"loc":{"start":{"line":98,"column":2},"end":{"line":100,"column":null}},"type":"if","locations":[{"start":{"line":98,"column":2},"end":{"line":100,"column":null}},{"start":{},"end":{}}],"line":98},"1":{"loc":{"start":{"line":102,"column":2},"end":{"line":106,"column":null}},"type":"if","locations":[{"start":{"line":102,"column":2},"end":{"line":106,"column":null}},{"start":{},"end":{}}],"line":102},"2":{"loc":{"start":{"line":135,"column":2},"end":{"line":137,"column":null}},"type":"if","locations":[{"start":{"line":135,"column":2},"end":{"line":137,"column":null}},{"start":{},"end":{}}],"line":135},"3":{"loc":{"start":{"line":158,"column":2},"end":{"line":158,"column":null}},"type":"default-arg","locations":[{"start":{"line":158,"column":50},"end":{"line":158,"column":null}}],"line":158},"4":{"loc":{"start":{"line":162,"column":2},"end":{"line":164,"column":null}},"type":"if","locations":[{"start":{"line":162,"column":2},"end":{"line":164,"column":null}},{"start":{},"end":{}}],"line":162},"5":{"loc":{"start":{"line":168,"column":4},"end":{"line":170,"column":null}},"type":"cond-expr","locations":[{"start":{"line":169,"column":8},"end":{"line":169,"column":null}},{"start":{"line":170,"column":8},"end":{"line":170,"column":null}}],"line":168},"6":{"loc":{"start":{"line":174,"column":23},"end":{"line":176,"column":null}},"type":"cond-expr","locations":[{"start":{"line":175,"column":6},"end":{"line":175,"column":null}},{"start":{"line":176,"column":6},"end":{"line":176,"column":null}}],"line":174},"7":{"loc":{"start":{"line":229,"column":23},"end":{"line":234,"column":null}},"type":"cond-expr","locations":[{"start":{"line":230,"column":6},"end":{"line":233,"column":null}},{"start":{"line":234,"column":6},"end":{"line":234,"column":null}}],"line":229},"8":{"loc":{"start":{"line":232,"column":8},"end":{"line":232,"column":null}},"type":"binary-expr","locations":[{"start":{"line":232,"column":8},"end":{"line":232,"column":31}},{"start":{"line":232,"column":31},"end":{"line":232,"column":null}}],"line":232},"9":{"loc":{"start":{"line":260,"column":2},"end":{"line":262,"column":null}},"type":"if","locations":[{"start":{"line":260,"column":2},"end":{"line":262,"column":null}},{"start":{},"end":{}}],"line":260},"10":{"loc":{"start":{"line":260,"column":6},"end":{"line":260,"column":58}},"type":"binary-expr","locations":[{"start":{"line":260,"column":6},"end":{"line":260,"column":31}},{"start":{"line":260,"column":31},"end":{"line":260,"column":58}}],"line":260},"11":{"loc":{"start":{"line":283,"column":2},"end":{"line":285,"column":null}},"type":"if","locations":[{"start":{"line":283,"column":2},"end":{"line":285,"column":null}},{"start":{},"end":{}}],"line":283},"12":{"loc":{"start":{"line":287,"column":2},"end":{"line":289,"column":null}},"type":"if","locations":[{"start":{"line":287,"column":2},"end":{"line":289,"column":null}},{"start":{},"end":{}}],"line":287},"13":{"loc":{"start":{"line":307,"column":2},"end":{"line":307,"column":null}},"type":"default-arg","locations":[{"start":{"line":307,"column":19},"end":{"line":307,"column":null}}],"line":307},"14":{"loc":{"start":{"line":332,"column":2},"end":{"line":332,"column":null}},"type":"default-arg","locations":[{"start":{"line":332,"column":50},"end":{"line":332,"column":null}}],"line":332},"15":{"loc":{"start":{"line":336,"column":4},"end":{"line":338,"column":null}},"type":"cond-expr","locations":[{"start":{"line":337,"column":8},"end":{"line":337,"column":null}},{"start":{"line":338,"column":8},"end":{"line":338,"column":null}}],"line":336}},"s":{"0":1,"1":1,"2":1,"3":1,"4":26,"5":26,"6":26,"7":1,"8":25,"9":1,"10":24,"11":24,"12":24,"13":15,"14":15,"15":1,"16":14,"17":14,"18":26,"19":26,"20":1,"21":25,"22":26,"23":26,"24":26,"25":26,"26":26,"27":26,"28":26,"29":5,"30":5,"31":5,"32":12,"33":12,"34":12,"35":2,"36":10,"37":9,"38":9,"39":9,"40":1,"41":8,"42":1,"43":7,"44":7,"45":7,"46":7,"47":13,"48":13,"49":13},"f":{"0":26,"1":15,"2":26,"3":5,"4":12,"5":9,"6":7,"7":7,"8":13},"b":{"0":[1,25],"1":[1,24],"2":[1,14],"3":[26],"4":[1,25],"5":[5,20],"6":[3,22],"7":[4,1],"8":[4,1],"9":[2,10],"10":[12,11],"11":[1,8],"12":[1,7],"13":[7],"14":[13],"15":[3,10]},"meta":{"lastBranch":16,"lastFunction":9,"lastStatement":50,"seen":{"s:57:32:62:Infinity":0,"s:65:37:65:Infinity":1,"s:68:41:72:Infinity":2,"s:75:25:80:Infinity":3,"f:93:16:93:36":0,"s:94:19:94:Infinity":4,"s:95:18:95:Infinity":5,"b:98:2:100:Infinity:undefined:undefined:undefined:undefined":0,"s:98:2:100:Infinity":6,"s:99:4:99:Infinity":7,"b:102:2:106:Infinity:undefined:undefined:undefined:undefined":1,"s:102:2:106:Infinity":8,"s:103:4:105:Infinity":9,"s:109:20:109:Infinity":10,"s:112:20:112:Infinity":11,"s:114:2:119:Infinity":12,"f:129:16:129:Infinity":1,"s:133:20:133:Infinity":13,"b:135:2:137:Infinity:undefined:undefined:undefined:undefined":2,"s:135:2:137:Infinity":14,"s:136:4:136:Infinity":15,"s:140:18:140:Infinity":16,"s:141:2:141:Infinity":17,"f:156:16:156:Infinity":2,"b:158:50:158:Infinity":3,"s:160:25:160:Infinity":18,"b:162:2:164:Infinity:undefined:undefined:undefined:undefined":4,"s:162:2:164:Infinity":19,"s:163:4:163:Infinity":20,"s:168:4:170:Infinity":21,"b:169:8:169:Infinity:170:8:170:Infinity":5,"s:173:27:173:Infinity":22,"s:174:23:176:Infinity":23,"b:175:6:175:Infinity:176:6:176:Infinity":6,"s:179:21:179:Infinity":24,"s:180:30:182:Infinity":25,"s:185:20:187:Infinity":26,"s:190:20:193:Infinity":27,"s:195:2:202:Infinity":28,"f:218:16:218:37":3,"s:224:20:227:Infinity":29,"s:229:23:234:Infinity":30,"b:230:6:233:Infinity:234:6:234:Infinity":7,"b:232:8:232:31:232:31:232:Infinity":8,"s:236:2:239:Infinity":31,"f:253:16:253:Infinity":4,"s:257:17:257:Infinity":32,"s:258:19:258:Infinity":33,"b:260:2:262:Infinity:undefined:undefined:undefined:undefined":9,"s:260:2:262:Infinity":34,"b:260:6:260:31:260:31:260:58":10,"s:261:4:261:Infinity":35,"s:264:2:266:Infinity":36,"f:276:16:276:Infinity":5,"s:280:17:280:Infinity":37,"s:281:19:281:Infinity":38,"b:283:2:285:Infinity:undefined:undefined:undefined:undefined":11,"s:283:2:285:Infinity":39,"s:284:4:284:Infinity":40,"b:287:2:289:Infinity:undefined:undefined:undefined:undefined":12,"s:287:2:289:Infinity":41,"s:288:4:288:Infinity":42,"s:291:2:291:Infinity":43,"f:305:16:305:Infinity":6,"b:307:19:307:Infinity":13,"s:309:18:309:Infinity":44,"s:310:2:310:Infinity":45,"f:319:16:319:29":7,"s:320:2:320:Infinity":46,"f:330:16:330:Infinity":8,"b:332:50:332:Infinity":14,"s:334:25:334:Infinity":47,"s:336:4:338:Infinity":48,"b:337:8:337:Infinity:338:8:338:Infinity":15,"s:340:2:340:Infinity":49}}}
}
