TN:
SF:lib\invoiceCalculations.ts
FN:93,calculateInvoiceTax
FN:129,calculateHTFromTTC
FN:156,calculateMicroEntrepreneurCharges
FN:218,calculateFullInvoice
FN:253,applyDiscount
FN:276,applyFixedDiscount
FN:305,formatCurrency
FN:319,roundToCents
FN:330,isWithinMicroThreshold
FNF:9
FNH:9
FNDA:26,calculateInvoiceTax
FNDA:15,calculateHTFromTTC
FNDA:26,calculateMicroEntrepreneurCharges
FNDA:5,calculateFullInvoice
FNDA:12,applyDiscount
FNDA:9,applyFixedDiscount
FNDA:7,formatCurrency
FNDA:7,roundToCents
FNDA:13,isWithinMicroThreshold
DA:57,1
DA:65,1
DA:68,1
DA:75,1
DA:94,26
DA:95,26
DA:98,26
DA:99,1
DA:102,25
DA:103,1
DA:109,24
DA:112,24
DA:114,24
DA:133,15
DA:135,15
DA:136,1
DA:140,14
DA:141,14
DA:160,26
DA:162,26
DA:163,1
DA:168,25
DA:173,26
DA:174,26
DA:179,26
DA:180,26
DA:185,26
DA:190,26
DA:195,26
DA:224,5
DA:229,5
DA:236,5
DA:257,12
DA:258,12
DA:260,12
DA:261,2
DA:264,10
DA:280,9
DA:281,9
DA:283,9
DA:284,1
DA:287,8
DA:288,1
DA:291,7
DA:309,7
DA:310,7
DA:320,7
DA:334,13
DA:336,13
DA:340,13
LF:50
LH:50
BRDA:98,0,0,1
BRDA:98,0,1,25
BRDA:102,1,0,1
BRDA:102,1,1,24
BRDA:135,2,0,1
BRDA:135,2,1,14
BRDA:158,3,0,26
BRDA:162,4,0,1
BRDA:162,4,1,25
BRDA:168,5,0,5
BRDA:168,5,1,20
BRDA:174,6,0,3
BRDA:174,6,1,22
BRDA:229,7,0,4
BRDA:229,7,1,1
BRDA:232,8,0,4
BRDA:232,8,1,1
BRDA:260,9,0,2
BRDA:260,9,1,10
BRDA:260,10,0,12
BRDA:260,10,1,11
BRDA:283,11,0,1
BRDA:283,11,1,8
BRDA:287,12,0,1
BRDA:287,12,1,7
BRDA:307,13,0,7
BRDA:332,14,0,13
BRDA:336,15,0,3
BRDA:336,15,1,10
BRF:29
BRH:29
end_of_record
