TN:
SF:types.ts
FN:4,(anonymous_0)
FNF:1
FNH:1
FNDA:1,(anonymous_0)
DA:4,1
DA:5,1
DA:6,1
DA:7,1
DA:8,1
DA:9,1
DA:11,1
DA:12,1
DA:14,1
DA:15,1
DA:16,1
DA:17,1
LF:12
LH:12
BRDA:4,0,0,1
BRDA:4,0,1,1
BRF:2
BRH:2
end_of_record
TN:
SF:components\AIAssistant.tsx
FN:7,(anonymous_0)
FN:24,(anonymous_1)
FN:28,(anonymous_2)
FN:33,(anonymous_3)
FN:34,(anonymous_4)
FN:43,(anonymous_5)
FN:44,(anonymous_6)
FN:59,(anonymous_7)
FN:64,(anonymous_8)
FN:69,(anonymous_9)
FN:74,(anonymous_10)
FN:168,(anonymous_11)
FN:184,(anonymous_12)
FN:235,(anonymous_13)
FNF:14
FNH:11
FNDA:6,(anonymous_0)
FNDA:5,(anonymous_1)
FNDA:5,(anonymous_2)
FNDA:3,(anonymous_3)
FNDA:3,(anonymous_4)
FNDA:0,(anonymous_5)
FNDA:0,(anonymous_6)
FNDA:1,(anonymous_7)
FNDA:1,(anonymous_8)
FNDA:1,(anonymous_9)
FNDA:1,(anonymous_10)
FNDA:0,(anonymous_11)
FNDA:9,(anonymous_12)
FNDA:1,(anonymous_13)
DA:7,1
DA:8,6
DA:9,6
DA:16,6
DA:17,6
DA:18,6
DA:19,6
DA:20,6
DA:22,6
DA:24,6
DA:25,5
DA:28,6
DA:29,5
DA:33,6
DA:34,3
DA:35,3
DA:36,0
DA:37,0
DA:39,0
DA:40,0
DA:43,0
DA:44,0
DA:45,0
DA:46,0
DA:47,0
DA:50,0
DA:52,0
DA:56,3
DA:59,6
DA:60,1
DA:61,1
DA:63,1
DA:64,1
DA:65,1
DA:66,1
DA:69,1
DA:71,1
DA:73,1
DA:74,1
DA:75,1
DA:78,6
DA:169,0
DA:185,9
DA:235,1
LF:44
LH:32
BRDA:35,0,0,3
BRDA:35,0,1,0
BRDA:45,1,0,0
BRDA:45,1,1,0
BRDA:45,2,0,0
BRDA:45,2,1,0
BRDA:61,3,0,0
BRDA:61,3,1,1
BRDA:61,4,0,1
BRDA:61,4,1,1
BRDA:112,5,0,0
BRDA:112,5,1,6
BRDA:117,6,0,0
BRDA:117,6,1,6
BRDA:120,7,0,0
BRDA:120,7,1,0
BRDA:125,8,0,0
BRDA:125,8,1,0
BRDA:126,9,0,0
BRDA:126,9,1,0
BRDA:128,10,0,0
BRDA:128,10,1,0
BRDA:128,11,0,0
BRDA:128,11,1,0
BRDA:149,12,0,0
BRDA:149,12,1,6
BRDA:154,13,0,0
BRDA:154,13,1,6
BRDA:157,14,0,0
BRDA:157,14,1,0
BRDA:162,15,0,0
BRDA:162,15,1,0
BRDA:163,16,0,0
BRDA:163,16,1,0
BRDA:166,17,0,0
BRDA:166,17,1,0
BRDA:187,18,0,2
BRDA:187,18,1,7
BRDA:191,19,0,2
BRDA:191,19,1,7
BRDA:193,20,0,2
BRDA:193,20,1,7
BRDA:196,21,0,2
BRDA:196,21,1,7
BRDA:199,22,0,2
BRDA:199,22,1,7
BRDA:211,23,0,6
BRDA:211,23,1,1
BRDA:240,24,0,6
BRDA:240,24,1,5
BRF:50
BRH:22
end_of_record
TN:
SF:components\Dashboard.tsx
FN:57,(anonymous_0)
FN:88,(anonymous_1)
FN:109,(anonymous_2)
FN:141,(anonymous_3)
FN:145,(anonymous_4)
FN:150,(anonymous_5)
FN:165,(anonymous_6)
FN:169,(anonymous_7)
FN:178,(anonymous_8)
FN:199,(anonymous_9)
FN:207,(anonymous_10)
FN:209,(anonymous_11)
FN:210,(anonymous_12)
FN:218,(anonymous_13)
FN:219,(anonymous_14)
FN:225,(anonymous_15)
FN:229,(anonymous_16)
FN:239,(anonymous_17)
FN:243,(anonymous_18)
FN:245,(anonymous_19)
FN:255,(anonymous_20)
FN:261,(anonymous_21)
FN:270,(anonymous_22)
FN:279,(anonymous_23)
FN:283,(anonymous_24)
FN:286,(anonymous_25)
FN:290,(anonymous_26)
FN:298,(anonymous_27)
FN:300,(anonymous_28)
FN:301,(anonymous_29)
FN:308,(anonymous_30)
FN:310,(anonymous_31)
FN:315,(anonymous_32)
FN:316,(anonymous_33)
FN:323,(anonymous_34)
FN:325,(anonymous_35)
FN:326,(anonymous_36)
FN:329,(anonymous_37)
FN:333,(anonymous_38)
FN:334,(anonymous_39)
FN:338,(anonymous_40)
FN:339,(anonymous_41)
FN:340,(anonymous_42)
FN:341,(anonymous_43)
FN:342,(anonymous_44)
FN:359,(anonymous_45)
FN:371,(anonymous_46)
FN:553,(anonymous_47)
FN:566,(anonymous_48)
FN:595,(anonymous_49)
FN:600,(anonymous_50)
FN:607,(anonymous_51)
FN:639,(anonymous_52)
FN:648,(anonymous_53)
FN:698,(anonymous_54)
FN:700,(anonymous_55)
FN:700,(anonymous_56)
FN:704,(anonymous_57)
FN:705,(anonymous_58)
FN:734,(anonymous_59)
FNF:60
FNH:36
FNDA:44,(anonymous_0)
FNDA:20,(anonymous_1)
FNDA:0,(anonymous_2)
FNDA:4,(anonymous_3)
FNDA:4,(anonymous_4)
FNDA:4,(anonymous_5)
FNDA:0,(anonymous_6)
FNDA:0,(anonymous_7)
FNDA:0,(anonymous_8)
FNDA:0,(anonymous_9)
FNDA:4,(anonymous_10)
FNDA:8,(anonymous_11)
FNDA:4,(anonymous_12)
FNDA:4,(anonymous_13)
FNDA:4,(anonymous_14)
FNDA:4,(anonymous_15)
FNDA:4,(anonymous_16)
FNDA:4,(anonymous_17)
FNDA:48,(anonymous_18)
FNDA:8,(anonymous_19)
FNDA:4,(anonymous_20)
FNDA:48,(anonymous_21)
FNDA:4,(anonymous_22)
FNDA:8,(anonymous_23)
FNDA:4,(anonymous_24)
FNDA:8,(anonymous_25)
FNDA:0,(anonymous_26)
FNDA:0,(anonymous_27)
FNDA:0,(anonymous_28)
FNDA:0,(anonymous_29)
FNDA:4,(anonymous_30)
FNDA:4,(anonymous_31)
FNDA:4,(anonymous_32)
FNDA:0,(anonymous_33)
FNDA:4,(anonymous_34)
FNDA:8,(anonymous_35)
FNDA:4,(anonymous_36)
FNDA:16,(anonymous_37)
FNDA:4,(anonymous_38)
FNDA:0,(anonymous_39)
FNDA:1,(anonymous_40)
FNDA:0,(anonymous_41)
FNDA:0,(anonymous_42)
FNDA:0,(anonymous_43)
FNDA:0,(anonymous_44)
FNDA:20,(anonymous_45)
FNDA:28,(anonymous_46)
FNDA:0,(anonymous_47)
FNDA:0,(anonymous_48)
FNDA:4,(anonymous_49)
FNDA:0,(anonymous_50)
FNDA:4,(anonymous_51)
FNDA:0,(anonymous_52)
FNDA:12,(anonymous_53)
FNDA:8,(anonymous_54)
FNDA:0,(anonymous_55)
FNDA:0,(anonymous_56)
FNDA:0,(anonymous_57)
FNDA:0,(anonymous_58)
FNDA:0,(anonymous_59)
DA:57,1
DA:65,44
DA:67,44
DA:73,44
DA:88,1
DA:89,20
DA:93,20
DA:109,1
DA:110,0
DA:114,0
DA:119,0
DA:141,1
DA:142,4
DA:143,4
DA:144,4
DA:145,4
DA:146,4
DA:147,4
DA:150,4
DA:151,4
DA:154,4
DA:165,4
DA:166,0
DA:169,4
DA:170,0
DA:171,0
DA:173,0
DA:176,0
DA:177,0
DA:178,0
DA:179,0
DA:180,0
DA:189,0
DA:190,0
DA:191,0
DA:193,0
DA:196,0
DA:198,0
DA:199,0
DA:200,0
DA:201,0
DA:202,0
DA:207,4
DA:208,4
DA:209,8
DA:211,4
DA:212,4
DA:213,0
DA:214,0
DA:218,4
DA:219,4
DA:222,4
DA:225,4
DA:226,4
DA:229,4
DA:230,4
DA:233,4
DA:234,4
DA:236,4
DA:237,4
DA:239,4
DA:240,4
DA:241,4
DA:243,48
DA:245,4
DA:246,8
DA:247,4
DA:248,4
DA:249,4
DA:250,4
DA:251,0
DA:255,4
DA:256,4
DA:257,4
DA:258,4
DA:261,48
DA:270,4
DA:271,4
DA:272,4
DA:273,4
DA:275,4
DA:276,4
DA:278,4
DA:280,8
DA:281,8
DA:283,4
DA:285,4
DA:287,8
DA:288,8
DA:290,0
DA:292,4
DA:293,4
DA:295,4
DA:298,4
DA:299,0
DA:300,0
DA:301,0
DA:302,0
DA:303,0
DA:304,0
DA:308,4
DA:309,4
DA:310,4
DA:311,4
DA:312,4
DA:314,4
DA:315,4
DA:316,0
DA:320,4
DA:323,4
DA:324,4
DA:325,8
DA:326,4
DA:328,4
DA:329,16
DA:333,4
DA:334,4
DA:337,4
DA:338,1
DA:339,0
DA:340,0
DA:341,0
DA:342,0
DA:345,4
DA:360,20
DA:372,28
DA:508,24
DA:553,0
DA:566,0
DA:577,20
DA:596,4
DA:600,0
DA:608,4
DA:630,16
DA:639,0
DA:649,12
DA:688,12
DA:698,8
DA:700,0
DA:704,0
DA:706,0
DA:724,8
DA:735,0
DA:760,4
DA:801,0
LF:145
LH:99
BRDA:70,0,0,0
BRDA:70,0,1,44
BRDA:74,1,0,0
BRDA:74,1,1,44
BRDA:97,2,0,0
BRDA:97,2,1,20
BRDA:101,3,0,20
BRDA:101,3,1,0
BRDA:101,3,2,0
BRDA:125,4,0,0
BRDA:125,4,1,0
BRDA:147,5,0,3
BRDA:147,5,1,1
BRDA:173,6,0,0
BRDA:173,6,1,0
BRDA:176,7,0,0
BRDA:176,7,1,0
BRDA:176,8,0,0
BRDA:176,8,1,0
BRDA:179,9,0,0
BRDA:179,9,1,0
BRDA:179,10,0,0
BRDA:179,10,1,0
BRDA:196,11,0,0
BRDA:196,11,1,0
BRDA:198,12,0,0
BRDA:198,12,1,0
BRDA:211,13,0,4
BRDA:211,13,1,0
BRDA:212,14,0,4
BRDA:212,14,1,0
BRDA:213,15,0,0
BRDA:213,15,1,0
BRDA:226,16,0,4
BRDA:226,16,1,0
BRDA:237,17,0,4
BRDA:237,17,1,0
BRDA:246,18,0,4
BRDA:246,18,1,4
BRDA:249,19,0,4
BRDA:249,19,1,0
BRDA:250,20,0,4
BRDA:250,20,1,0
BRDA:250,21,0,0
BRDA:250,21,1,0
BRDA:275,22,0,0
BRDA:275,22,1,4
BRDA:276,23,0,0
BRDA:276,23,1,4
BRDA:281,24,0,8
BRDA:281,24,1,8
BRDA:281,24,2,8
BRDA:288,25,0,8
BRDA:288,25,1,0
BRDA:288,25,2,0
BRDA:293,26,0,0
BRDA:293,26,1,4
BRDA:300,27,0,0
BRDA:300,27,1,0
BRDA:301,28,0,0
BRDA:301,28,1,0
BRDA:301,28,2,0
BRDA:311,29,0,4
BRDA:311,29,1,0
BRDA:312,30,0,4
BRDA:312,30,1,4
BRDA:334,31,0,0
BRDA:334,31,1,0
BRDA:334,31,2,0
BRDA:334,31,3,0
BRDA:372,32,0,4
BRDA:372,32,1,24
BRDA:394,33,0,4
BRDA:394,33,1,0
BRDA:395,34,0,4
BRDA:395,34,1,0
BRDA:464,35,0,0
BRDA:464,35,1,4
BRDA:468,36,0,4
BRDA:468,36,1,0
BRDA:490,37,0,0
BRDA:490,37,1,4
BRDA:494,38,0,4
BRDA:494,38,1,0
BRDA:499,39,0,4
BRDA:499,39,1,0
BRDA:508,40,0,4
BRDA:508,40,1,20
BRDA:577,41,0,4
BRDA:577,41,1,16
BRDA:581,42,0,4
BRDA:581,42,1,0
BRDA:630,43,0,4
BRDA:630,43,1,12
BRDA:652,44,0,8
BRDA:652,44,1,4
BRDA:653,45,0,4
BRDA:653,45,1,4
BRDA:654,46,0,4
BRDA:654,46,1,0
BRDA:657,47,0,8
BRDA:657,47,1,4
BRDA:661,48,0,8
BRDA:661,48,1,4
BRDA:667,49,0,4
BRDA:667,49,1,8
BRDA:667,50,0,12
BRDA:667,50,1,8
BRDA:668,51,0,4
BRDA:668,51,1,8
BRDA:668,52,0,12
BRDA:668,52,1,8
BRDA:669,53,0,12
BRDA:669,53,1,4
BRDA:672,54,0,8
BRDA:672,54,1,4
BRDA:673,55,0,4
BRDA:673,55,1,4
BRDA:674,56,0,4
BRDA:674,56,1,0
BRDA:677,57,0,8
BRDA:677,57,1,4
BRDA:688,58,0,4
BRDA:688,58,1,8
BRDA:698,59,0,0
BRDA:698,59,1,4
BRDA:698,60,0,8
BRDA:698,60,1,0
BRDA:700,61,0,0
BRDA:700,61,1,0
BRDA:704,62,0,0
BRDA:704,62,1,0
BRDA:724,63,0,4
BRDA:724,63,1,4
BRDA:733,64,0,0
BRDA:733,64,1,4
BRDA:737,65,0,0
BRDA:737,65,1,0
BRDA:744,66,0,0
BRDA:744,66,1,0
BRDA:746,67,0,0
BRDA:746,67,1,0
BRDA:760,68,0,4
BRDA:760,68,1,0
BRDA:772,69,0,0
BRDA:772,69,1,4
BRDA:780,70,0,0
BRDA:780,70,1,0
BRDA:791,71,0,0
BRDA:791,71,1,4
BRF:150
BRH:76
end_of_record
TN:
SF:components\EntityFormFields.tsx
FN:28,(anonymous_0)
FN:92,(anonymous_1)
FN:179,(anonymous_2)
FN:244,(anonymous_3)
FN:314,(anonymous_4)
FN:337,(anonymous_5)
FNF:6
FNH:2
FNDA:2,(anonymous_0)
FNDA:3,(anonymous_1)
FNDA:0,(anonymous_2)
FNDA:0,(anonymous_3)
FNDA:0,(anonymous_4)
FNDA:0,(anonymous_5)
DA:28,1
DA:41,2
DA:92,1
DA:106,3
DA:179,1
DA:189,0
DA:244,1
DA:257,0
DA:314,1
DA:322,0
DA:337,0
LF:11
LH:7
BRDA:38,0,0,2
BRDA:39,1,0,2
BRDA:96,2,0,3
BRDA:104,3,0,3
BRDA:138,4,0,3
BRDA:138,4,1,1
BRDA:180,5,0,0
BRDA:181,6,0,0
BRDA:182,7,0,0
BRDA:186,8,0,0
BRDA:187,9,0,0
BRDA:191,10,0,0
BRDA:191,10,1,0
BRDA:201,11,0,0
BRDA:201,11,1,0
BRDA:213,12,0,0
BRDA:213,12,1,0
BRDA:253,13,0,0
BRDA:288,14,0,0
BRDA:288,14,1,0
BRDA:288,14,2,0
BRDA:291,15,0,0
BRDA:291,15,1,0
BRDA:319,16,0,0
BRDA:320,17,0,0
BRDA:332,18,0,0
BRDA:332,18,1,0
BRF:27
BRH:6
end_of_record
TN:
SF:components\FormFields.tsx
FN:23,(anonymous_0)
FN:55,(anonymous_1)
FN:101,(anonymous_2)
FN:129,(anonymous_3)
FN:174,(anonymous_4)
FN:198,(anonymous_5)
FN:210,(anonymous_6)
FN:242,(anonymous_7)
FN:265,(anonymous_8)
FN:285,(anonymous_9)
FN:305,(anonymous_10)
FN:316,(anonymous_11)
FN:320,(anonymous_12)
FN:341,(anonymous_13)
FN:349,(anonymous_14)
FN:357,(anonymous_15)
FN:409,(anonymous_16)
FNF:17
FNH:9
FNDA:19,(anonymous_0)
FNDA:6,(anonymous_1)
FNDA:2,(anonymous_2)
FNDA:1,(anonymous_3)
FNDA:2,(anonymous_4)
FNDA:2,(anonymous_5)
FNDA:14,(anonymous_6)
FNDA:1,(anonymous_7)
FNDA:1,(anonymous_8)
FNDA:0,(anonymous_9)
FNDA:0,(anonymous_10)
FNDA:0,(anonymous_11)
FNDA:0,(anonymous_12)
FNDA:0,(anonymous_13)
FNDA:0,(anonymous_14)
FNDA:0,(anonymous_15)
FNDA:0,(anonymous_16)
DA:23,3
DA:37,19
DA:39,19
DA:55,6
DA:101,3
DA:114,2
DA:116,2
DA:129,1
DA:174,3
DA:185,2
DA:187,2
DA:198,2
DA:211,14
DA:242,3
DA:249,1
DA:251,1
DA:265,1
DA:285,3
DA:292,0
DA:294,0
DA:305,0
DA:317,0
DA:320,0
DA:341,3
DA:346,0
DA:347,0
DA:349,0
DA:350,0
DA:351,0
DA:352,0
DA:353,0
DA:354,0
DA:356,0
DA:357,0
DA:358,0
DA:359,0
DA:361,0
DA:365,0
DA:409,0
LF:39
LH:19
BRDA:29,0,0,19
BRDA:34,1,0,19
BRDA:35,2,0,19
BRDA:37,3,0,19
BRDA:37,3,1,19
BRDA:44,4,0,19
BRDA:44,4,1,5
BRDA:49,5,0,19
BRDA:49,5,1,0
BRDA:60,6,0,7
BRDA:60,6,1,12
BRDA:62,7,0,0
BRDA:62,7,1,12
BRDA:66,8,0,0
BRDA:66,8,1,19
BRDA:66,9,0,7
BRDA:66,9,1,12
BRDA:70,10,0,19
BRDA:70,10,1,0
BRDA:75,11,0,19
BRDA:75,11,1,7
BRDA:111,12,0,2
BRDA:112,13,0,2
BRDA:114,14,0,2
BRDA:114,14,1,2
BRDA:120,15,0,2
BRDA:120,15,1,0
BRDA:124,16,0,2
BRDA:124,16,1,0
BRDA:135,17,0,1
BRDA:135,17,1,1
BRDA:137,18,0,0
BRDA:137,18,1,1
BRDA:141,19,0,0
BRDA:141,19,1,2
BRDA:141,20,0,1
BRDA:141,20,1,1
BRDA:145,21,0,2
BRDA:145,21,1,1
BRDA:150,22,0,2
BRDA:150,22,1,1
BRDA:183,23,0,2
BRDA:185,24,0,2
BRDA:185,24,1,2
BRDA:191,25,0,2
BRDA:191,25,1,0
BRDA:202,26,0,0
BRDA:202,26,1,2
BRDA:204,27,0,0
BRDA:204,27,1,2
BRDA:208,28,0,0
BRDA:208,28,1,2
BRDA:217,29,0,2
BRDA:217,29,1,0
BRDA:222,30,0,2
BRDA:222,30,1,0
BRDA:249,31,0,1
BRDA:249,31,1,1
BRDA:257,32,0,1
BRDA:257,32,1,0
BRDA:266,33,0,0
BRDA:266,33,1,1
BRDA:268,34,0,0
BRDA:268,34,1,1
BRDA:290,35,0,0
BRDA:292,36,0,0
BRDA:292,36,1,0
BRDA:321,37,0,0
BRDA:321,37,1,0
BRDA:351,38,0,0
BRDA:351,38,1,0
BRDA:352,39,0,0
BRDA:352,39,1,0
BRDA:375,40,0,0
BRDA:375,40,1,0
BRDA:382,41,0,0
BRDA:382,41,1,0
BRDA:413,42,0,0
BRDA:413,42,1,0
BRF:79
BRH:47
end_of_record
TN:
SF:components\Sidebar.tsx
FN:15,(anonymous_0)
FN:29,(anonymous_1)
FN:40,(anonymous_2)
FN:58,(anonymous_3)
FN:73,(anonymous_4)
FN:76,(anonymous_5)
FNF:6
FNH:5
FNDA:4,(anonymous_0)
FNDA:1,(anonymous_1)
FNDA:1,(anonymous_2)
FNDA:0,(anonymous_3)
FNDA:40,(anonymous_4)
FNDA:1,(anonymous_5)
DA:15,1
DA:16,4
DA:29,4
DA:30,1
DA:31,1
DA:34,4
DA:40,1
DA:58,0
DA:74,40
DA:76,1
LF:10
LH:9
BRDA:37,0,0,4
BRDA:37,0,1,1
BRDA:50,1,0,1
BRDA:50,1,1,3
BRDA:77,2,0,4
BRDA:77,2,1,36
BRDA:80,3,0,4
BRDA:80,3,1,36
BRDA:85,4,0,4
BRDA:85,4,1,36
BRDA:89,5,0,40
BRDA:89,5,1,4
BRDA:105,6,0,0
BRDA:105,6,1,4
BRDA:110,7,0,0
BRDA:110,7,1,4
BRDA:112,8,0,0
BRDA:112,8,1,4
BRDA:114,9,0,0
BRDA:114,9,1,4
BRDA:115,10,0,0
BRDA:115,10,1,4
BRF:22
BRH:17
end_of_record
TN:
SF:lib\fiscalCalculations.ts
FN:36,(anonymous_0)
FN:59,(anonymous_1)
FN:94,(anonymous_2)
FN:106,(anonymous_3)
FNF:4
FNH:4
FNDA:9,(anonymous_0)
FNDA:3,(anonymous_1)
FNDA:15,(anonymous_2)
FNDA:9,(anonymous_3)
DA:16,2
DA:24,2
DA:36,2
DA:40,9
DA:41,9
DA:43,9
DA:44,9
DA:45,9
DA:47,9
DA:59,2
DA:63,3
DA:70,3
DA:76,2
DA:94,2
DA:95,15
DA:96,15
DA:106,2
DA:110,9
DA:112,9
LF:19
LH:19
BRDA:40,0,0,9
BRDA:40,0,1,1
BRDA:41,1,0,9
BRDA:41,1,1,8
BRDA:43,2,0,1
BRDA:43,2,1,8
BRDA:97,3,0,1
BRDA:97,3,1,14
BRDA:98,4,0,1
BRDA:98,4,1,14
BRDA:99,5,0,1
BRDA:99,5,1,14
BRDA:127,6,0,9
BRDA:127,6,1,4
BRF:14
BRH:14
end_of_record
TN:
SF:lib\invoiceCalculations.ts
FN:114,calculateFullInvoiceTotals
FN:122,(anonymous_1)
FN:134,(anonymous_2)
FN:169,calculateInvoiceTax
FN:205,calculateHTFromTTC
FN:229,calculateMicroEntrepreneurCharges
FN:279,calculateFullInvoice
FN:311,applyDiscount
FN:332,applyFixedDiscount
FN:361,formatCurrency
FN:375,roundToCents
FN:386,isWithinMicroThreshold
FNF:12
FNH:12
FNDA:7,calculateFullInvoiceTotals
FNDA:10,(anonymous_1)
FNDA:8,(anonymous_2)
FNDA:26,calculateInvoiceTax
FNDA:15,calculateHTFromTTC
FNDA:26,calculateMicroEntrepreneurCharges
FNDA:5,calculateFullInvoice
FNDA:12,applyDiscount
FNDA:9,applyFixedDiscount
FNDA:7,formatCurrency
FNDA:7,roundToCents
FNDA:13,isWithinMicroThreshold
DA:64,1
DA:72,1
DA:75,1
DA:82,1
DA:115,7
DA:118,7
DA:119,7
DA:122,7
DA:123,10
DA:124,10
DA:128,7
DA:129,7
DA:130,7
DA:133,7
DA:134,6
DA:135,8
DA:136,8
DA:137,8
DA:139,8
DA:140,8
DA:144,6
DA:145,1
DA:146,1
DA:151,7
DA:152,7
DA:154,7
DA:170,26
DA:171,26
DA:174,26
DA:175,1
DA:178,25
DA:179,1
DA:185,24
DA:188,24
DA:190,24
DA:206,15
DA:208,15
DA:209,1
DA:213,14
DA:214,14
DA:233,26
DA:235,26
DA:236,1
DA:240,25
DA:243,26
DA:244,26
DA:247,26
DA:248,26
DA:251,26
DA:254,26
DA:256,26
DA:285,5
DA:290,5
DA:294,5
DA:315,12
DA:316,12
DA:318,12
DA:319,2
DA:322,10
DA:336,9
DA:337,9
DA:339,9
DA:340,1
DA:343,8
DA:344,1
DA:347,7
DA:365,7
DA:366,7
DA:376,7
DA:390,13
DA:391,13
DA:393,13
LF:72
LH:72
BRDA:115,0,0,7
BRDA:115,1,0,7
BRDA:115,2,0,7
BRDA:133,3,0,6
BRDA:133,3,1,1
BRDA:139,4,0,8
BRDA:139,4,1,0
BRDA:144,5,0,1
BRDA:144,5,1,5
BRDA:174,6,0,1
BRDA:174,6,1,25
BRDA:178,7,0,1
BRDA:178,7,1,24
BRDA:208,8,0,1
BRDA:208,8,1,14
BRDA:231,9,0,26
BRDA:235,10,0,1
BRDA:235,10,1,25
BRDA:240,11,0,5
BRDA:240,11,1,20
BRDA:244,12,0,3
BRDA:244,12,1,22
BRDA:290,13,0,4
BRDA:290,13,1,1
BRDA:291,14,0,4
BRDA:291,14,1,1
BRDA:318,15,0,2
BRDA:318,15,1,10
BRDA:318,16,0,12
BRDA:318,16,1,11
BRDA:339,17,0,1
BRDA:339,17,1,8
BRDA:343,18,0,1
BRDA:343,18,1,7
BRDA:363,19,0,7
BRDA:388,20,0,13
BRDA:391,21,0,3
BRDA:391,21,1,10
BRF:38
BRH:37
end_of_record
TN:
SF:services\geminiService.ts
FN:7,(anonymous_0)
FN:36,(anonymous_1)
FN:53,(anonymous_2)
FN:78,(anonymous_3)
FN:115,(anonymous_4)
FN:148,(anonymous_5)
FN:173,(anonymous_6)
FN:221,(anonymous_7)
FNF:8
FNH:8
FNDA:1,(anonymous_0)
FNDA:1,(anonymous_1)
FNDA:2,(anonymous_2)
FNDA:1,(anonymous_3)
FNDA:1,(anonymous_4)
FNDA:1,(anonymous_5)
FNDA:2,(anonymous_6)
FNDA:2,(anonymous_7)
DA:3,2
DA:5,2
DA:7,2
DA:11,1
DA:12,1
DA:14,1
DA:20,1
DA:29,1
DA:31,0
DA:32,0
DA:36,2
DA:37,1
DA:38,1
DA:41,1
DA:46,1
DA:48,0
DA:49,0
DA:53,2
DA:54,2
DA:55,2
DA:61,2
DA:70,1
DA:71,2
DA:73,1
DA:74,1
DA:78,2
DA:86,1
DA:87,1
DA:99,1
DA:107,1
DA:108,1
DA:110,0
DA:111,0
DA:115,2
DA:116,1
DA:117,1
DA:127,1
DA:140,1
DA:141,1
DA:143,0
DA:144,0
DA:148,2
DA:149,1
DA:150,1
DA:158,1
DA:163,1
DA:165,0
DA:166,0
DA:173,2
DA:182,2
DA:183,2
DA:202,2
DA:210,1
DA:211,2
DA:213,1
DA:214,1
DA:221,2
DA:230,2
DA:231,2
DA:247,2
DA:255,1
DA:256,2
DA:258,1
DA:259,1
LF:64
LH:54
BRDA:3,0,0,2
BRDA:3,0,1,2
BRDA:18,1,0,1
BRDA:18,1,1,1
BRDA:29,2,0,1
BRDA:29,2,1,0
BRDA:46,3,0,1
BRDA:46,3,1,0
BRDA:70,4,0,1
BRDA:70,4,1,0
BRDA:91,5,0,0
BRDA:91,5,1,1
BRDA:92,6,0,0
BRDA:92,6,1,1
BRDA:107,7,0,1
BRDA:107,7,1,0
BRDA:140,8,0,1
BRDA:140,8,1,0
BRDA:163,9,0,1
BRDA:163,9,1,0
BRDA:210,10,0,1
BRDA:210,10,1,0
BRDA:238,11,0,2
BRDA:238,11,1,1
BRDA:255,12,0,1
BRDA:255,12,1,0
BRF:26
BRH:16
end_of_record
TN:
SF:src\mocks\handlers.ts
FN:27,(anonymous_0)
FNF:1
FNH:1
FNDA:8,(anonymous_0)
DA:3,11
DA:22,11
DA:24,11
DA:28,8
DA:29,8
DA:31,8
LF:6
LH:6
BRDA:37,0,0,5
BRDA:37,0,1,3
BRF:2
BRH:2
end_of_record
TN:
SF:src\mocks\server.ts
FNF:0
FNH:0
DA:4,11
LF:1
LH:1
BRF:0
BRH:0
end_of_record
TN:
SF:store\appStore.ts
FN:129,(anonymous_0)
FN:132,(anonymous_1)
FN:135,(anonymous_2)
FN:143,(anonymous_3)
FN:156,(anonymous_4)
FN:159,(anonymous_5)
FN:163,(anonymous_6)
FN:164,(anonymous_7)
FN:165,(anonymous_8)
FN:168,(anonymous_9)
FN:169,(anonymous_10)
FN:170,(anonymous_11)
FN:173,(anonymous_12)
FN:174,(anonymous_13)
FN:175,(anonymous_14)
FN:178,(anonymous_15)
FN:179,(anonymous_16)
FN:180,(anonymous_17)
FN:183,(anonymous_18)
FN:184,(anonymous_19)
FN:185,(anonymous_20)
FN:188,(anonymous_21)
FN:189,(anonymous_22)
FN:190,(anonymous_23)
FN:193,(anonymous_24)
FN:194,(anonymous_25)
FN:195,(anonymous_26)
FN:198,(anonymous_27)
FN:199,(anonymous_28)
FN:200,(anonymous_29)
FN:203,(anonymous_30)
FN:204,(anonymous_31)
FN:205,(anonymous_32)
FN:211,(anonymous_33)
FN:212,(anonymous_34)
FN:225,(anonymous_35)
FN:228,(anonymous_36)
FN:246,(anonymous_37)
FN:247,(anonymous_38)
FN:248,(anonymous_39)
FN:249,(anonymous_40)
FN:250,(anonymous_41)
FN:255,(anonymous_42)
FNF:43
FNH:40
FNDA:2,(anonymous_0)
FNDA:2,(anonymous_1)
FNDA:1,(anonymous_2)
FNDA:2,(anonymous_3)
FNDA:1,(anonymous_4)
FNDA:1,(anonymous_5)
FNDA:2,(anonymous_6)
FNDA:1,(anonymous_7)
FNDA:1,(anonymous_8)
FNDA:2,(anonymous_9)
FNDA:1,(anonymous_10)
FNDA:1,(anonymous_11)
FNDA:1,(anonymous_12)
FNDA:1,(anonymous_13)
FNDA:1,(anonymous_14)
FNDA:1,(anonymous_15)
FNDA:1,(anonymous_16)
FNDA:1,(anonymous_17)
FNDA:1,(anonymous_18)
FNDA:1,(anonymous_19)
FNDA:1,(anonymous_20)
FNDA:1,(anonymous_21)
FNDA:1,(anonymous_22)
FNDA:1,(anonymous_23)
FNDA:1,(anonymous_24)
FNDA:1,(anonymous_25)
FNDA:1,(anonymous_26)
FNDA:1,(anonymous_27)
FNDA:1,(anonymous_28)
FNDA:1,(anonymous_29)
FNDA:1,(anonymous_30)
FNDA:0,(anonymous_31)
FNDA:0,(anonymous_32)
FNDA:1,(anonymous_33)
FNDA:1,(anonymous_34)
FNDA:1,(anonymous_35)
FNDA:9,(anonymous_36)
FNDA:1,(anonymous_37)
FNDA:1,(anonymous_38)
FNDA:2,(anonymous_39)
FNDA:2,(anonymous_40)
FNDA:0,(anonymous_41)
FNDA:38,(anonymous_42)
DA:84,2
DA:108,2
DA:126,2
DA:129,2
DA:132,2
DA:135,1
DA:144,2
DA:145,2
DA:146,2
DA:148,0
DA:149,0
DA:151,2
DA:156,1
DA:159,1
DA:163,2
DA:165,1
DA:168,2
DA:170,1
DA:173,1
DA:175,1
DA:178,1
DA:180,1
DA:183,1
DA:185,1
DA:188,1
DA:190,1
DA:193,1
DA:195,1
DA:198,1
DA:200,1
DA:203,1
DA:205,0
DA:212,1
DA:225,1
DA:229,9
DA:247,1
DA:248,2
DA:249,2
DA:250,0
DA:255,38
LF:40
LH:36
BRDA:138,0,0,2
BRDA:138,0,1,0
BRDA:138,1,0,2
BRDA:138,1,1,2
BRDA:139,2,0,2
BRDA:139,2,1,2
BRDA:139,2,2,2
BRDA:144,3,0,2
BRDA:144,3,1,0
BRF:9
BRH:7
end_of_record
